Analysis & Synthesis report for ProcesadorBase
Wed Apr 12 12:58:24 2023
Quartus II 64-Bit Version 13.0.1 Build 232 06/12/2013 Service Pack 1 SJ Web Edition


---------------------
; Table of Contents ;
---------------------
  1. Legal Notice
  2. Analysis & Synthesis Summary
  3. Analysis & Synthesis Settings
  4. Parallel Compilation
  5. Analysis & Synthesis Source Files Read
  6. Analysis & Synthesis Resource Usage Summary
  7. Analysis & Synthesis Resource Utilization by Entity
  8. Analysis & Synthesis RAM Summary
  9. Analysis & Synthesis DSP Block Usage Summary
 10. State Machine - |sisa|MemoryController:memory0|SRAMController:sram_controller|estat
 11. Registers Removed During Synthesis
 12. General Register Statistics
 13. Inverted Register Statistics
 14. Registers Packed Into Inferred Megafunctions
 15. Multiplexer Restructuring Statistics (Restructuring Performed)
 16. Source assignments for controladores_IO:controladosIO|altsyncram:registro_io_rtl_0|altsyncram_koc1:auto_generated
 17. Parameter Settings for Inferred Entity Instance: controladores_IO:controladosIO|altsyncram:registro_io_rtl_0
 18. Parameter Settings for Inferred Entity Instance: ProcesadorBase:proc0|datapath:d0|alu:alu0|lpm_mult:Mult0
 19. Parameter Settings for Inferred Entity Instance: ProcesadorBase:proc0|datapath:d0|alu:alu0|lpm_divide:Div0
 20. Parameter Settings for Inferred Entity Instance: ProcesadorBase:proc0|datapath:d0|alu:alu0|lpm_mult:Mult1
 21. Parameter Settings for Inferred Entity Instance: ProcesadorBase:proc0|datapath:d0|alu:alu0|lpm_divide:Div1
 22. altsyncram Parameter Settings by Entity Instance
 23. lpm_mult Parameter Settings by Entity Instance
 24. Elapsed Time Per Partition
 25. Analysis & Synthesis Messages



----------------
; Legal Notice ;
----------------
Copyright (C) 1991-2013 Altera Corporation
Your use of Altera Corporation's design tools, logic functions 
and other software and tools, and its AMPP partner logic 
functions, and any output files from any of the foregoing 
(including device programming or simulation files), and any 
associated documentation or information are expressly subject 
to the terms and conditions of the Altera Program License 
Subscription Agreement, Altera MegaCore Function License 
Agreement, or other applicable license agreement, including, 
without limitation, that your use is for the sole purpose of 
programming logic devices manufactured by Altera and sold by 
Altera or its authorized distributors.  Please refer to the 
applicable agreement for further details.



+--------------------------------------------------------------------------------------+
; Analysis & Synthesis Summary                                                         ;
+------------------------------------+-------------------------------------------------+
; Analysis & Synthesis Status        ; Successful - Wed Apr 12 12:58:24 2023           ;
; Quartus II 64-Bit Version          ; 13.0.1 Build 232 06/12/2013 SP 1 SJ Web Edition ;
; Revision Name                      ; ProcesadorBase                                  ;
; Top-level Entity Name              ; sisa                                            ;
; Family                             ; Cyclone II                                      ;
; Total logic elements               ; 2,132                                           ;
;     Total combinational functions  ; 1,768                                           ;
;     Dedicated logic registers      ; 439                                             ;
; Total registers                    ; 439                                             ;
; Total pins                         ; 98                                              ;
; Total virtual pins                 ; 0                                               ;
; Total memory bits                  ; 512                                             ;
; Embedded Multiplier 9-bit elements ; 4                                               ;
; Total PLLs                         ; 0                                               ;
+------------------------------------+-------------------------------------------------+


+----------------------------------------------------------------------------------------------------------------------+
; Analysis & Synthesis Settings                                                                                        ;
+----------------------------------------------------------------------------+--------------------+--------------------+
; Option                                                                     ; Setting            ; Default Value      ;
+----------------------------------------------------------------------------+--------------------+--------------------+
; Device                                                                     ; EP2C20F484C7       ;                    ;
; Top-level entity name                                                      ; sisa               ; ProcesadorBase     ;
; Family name                                                                ; Cyclone II         ; Cyclone IV GX      ;
; Use smart compilation                                                      ; Off                ; Off                ;
; Enable parallel Assembler and TimeQuest Timing Analyzer during compilation ; On                 ; On                 ;
; Enable compact report table                                                ; Off                ; Off                ;
; Restructure Multiplexers                                                   ; Auto               ; Auto               ;
; Create Debugging Nodes for IP Cores                                        ; Off                ; Off                ;
; Preserve fewer node names                                                  ; On                 ; On                 ;
; Disable OpenCore Plus hardware evaluation                                  ; Off                ; Off                ;
; Verilog Version                                                            ; Verilog_2001       ; Verilog_2001       ;
; VHDL Version                                                               ; VHDL_1993          ; VHDL_1993          ;
; State Machine Processing                                                   ; Auto               ; Auto               ;
; Safe State Machine                                                         ; Off                ; Off                ;
; Extract Verilog State Machines                                             ; On                 ; On                 ;
; Extract VHDL State Machines                                                ; On                 ; On                 ;
; Ignore Verilog initial constructs                                          ; Off                ; Off                ;
; Iteration limit for constant Verilog loops                                 ; 5000               ; 5000               ;
; Iteration limit for non-constant Verilog loops                             ; 250                ; 250                ;
; Add Pass-Through Logic to Inferred RAMs                                    ; On                 ; On                 ;
; Infer RAMs from Raw Logic                                                  ; On                 ; On                 ;
; Parallel Synthesis                                                         ; On                 ; On                 ;
; DSP Block Balancing                                                        ; Auto               ; Auto               ;
; NOT Gate Push-Back                                                         ; On                 ; On                 ;
; Power-Up Don't Care                                                        ; On                 ; On                 ;
; Remove Redundant Logic Cells                                               ; Off                ; Off                ;
; Remove Duplicate Registers                                                 ; On                 ; On                 ;
; Ignore CARRY Buffers                                                       ; Off                ; Off                ;
; Ignore CASCADE Buffers                                                     ; Off                ; Off                ;
; Ignore GLOBAL Buffers                                                      ; Off                ; Off                ;
; Ignore ROW GLOBAL Buffers                                                  ; Off                ; Off                ;
; Ignore LCELL Buffers                                                       ; Off                ; Off                ;
; Ignore SOFT Buffers                                                        ; On                 ; On                 ;
; Limit AHDL Integers to 32 Bits                                             ; Off                ; Off                ;
; Optimization Technique                                                     ; Balanced           ; Balanced           ;
; Carry Chain Length                                                         ; 70                 ; 70                 ;
; Auto Carry Chains                                                          ; On                 ; On                 ;
; Auto Open-Drain Pins                                                       ; On                 ; On                 ;
; Perform WYSIWYG Primitive Resynthesis                                      ; Off                ; Off                ;
; Auto ROM Replacement                                                       ; On                 ; On                 ;
; Auto RAM Replacement                                                       ; On                 ; On                 ;
; Auto Shift Register Replacement                                            ; Auto               ; Auto               ;
; Allow Shift Register Merging across Hierarchies                            ; Auto               ; Auto               ;
; Auto Clock Enable Replacement                                              ; On                 ; On                 ;
; Strict RAM Replacement                                                     ; Off                ; Off                ;
; Allow Synchronous Control Signals                                          ; On                 ; On                 ;
; Force Use of Synchronous Clear Signals                                     ; Off                ; Off                ;
; Auto RAM to Logic Cell Conversion                                          ; Off                ; Off                ;
; Auto Resource Sharing                                                      ; Off                ; Off                ;
; Allow Any RAM Size For Recognition                                         ; Off                ; Off                ;
; Allow Any ROM Size For Recognition                                         ; Off                ; Off                ;
; Allow Any Shift Register Size For Recognition                              ; Off                ; Off                ;
; Use LogicLock Constraints during Resource Balancing                        ; On                 ; On                 ;
; Ignore translate_off and synthesis_off directives                          ; Off                ; Off                ;
; Timing-Driven Synthesis                                                    ; Off                ; Off                ;
; Report Parameter Settings                                                  ; On                 ; On                 ;
; Report Source Assignments                                                  ; On                 ; On                 ;
; Report Connectivity Checks                                                 ; On                 ; On                 ;
; Ignore Maximum Fan-Out Assignments                                         ; Off                ; Off                ;
; Synchronization Register Chain Length                                      ; 2                  ; 2                  ;
; PowerPlay Power Optimization                                               ; Normal compilation ; Normal compilation ;
; HDL message level                                                          ; Level2             ; Level2             ;
; Suppress Register Optimization Related Messages                            ; Off                ; Off                ;
; Number of Removed Registers Reported in Synthesis Report                   ; 5000               ; 5000               ;
; Number of Swept Nodes Reported in Synthesis Report                         ; 5000               ; 5000               ;
; Number of Inverted Registers Reported in Synthesis Report                  ; 100                ; 100                ;
; Clock MUX Protection                                                       ; On                 ; On                 ;
; Auto Gated Clock Conversion                                                ; Off                ; Off                ;
; Block Design Naming                                                        ; Auto               ; Auto               ;
; SDC constraint protection                                                  ; Off                ; Off                ;
; Synthesis Effort                                                           ; Auto               ; Auto               ;
; Shift Register Replacement - Allow Asynchronous Clear Signal               ; On                 ; On                 ;
; Pre-Mapping Resynthesis Optimization                                       ; Off                ; Off                ;
; Analysis & Synthesis Message Level                                         ; Medium             ; Medium             ;
; Disable Register Merging Across Hierarchies                                ; Auto               ; Auto               ;
; Resource Aware Inference For Block RAM                                     ; On                 ; On                 ;
; Synthesis Seed                                                             ; 1                  ; 1                  ;
+----------------------------------------------------------------------------+--------------------+--------------------+


+------------------------------------------+
; Parallel Compilation                     ;
+----------------------------+-------------+
; Processors                 ; Number      ;
+----------------------------+-------------+
; Number detected on machine ; 12          ;
; Maximum allowed            ; 6           ;
;                            ;             ;
; Average used               ; 1.00        ;
; Maximum used               ; 1           ;
;                            ;             ;
; Usage by Processor         ; % Time Used ;
;     Processor 1            ; 100.0%      ;
;     Processors 2-12        ;   0.0%      ;
+----------------------------+-------------+


+------------------------------------------------------------------------------------------------------------------------------------------------------------------------------------------------------+
; Analysis & Synthesis Source Files Read                                                                                                                                                               ;
+-------------------------------------+-----------------+------------------------------+-----------------------------------------------------------------------------------------------------+---------+
; File Name with User-Entered Path    ; Used in Netlist ; File Type                    ; File Name with Absolute Path                                                                        ; Library ;
+-------------------------------------+-----------------+------------------------------+-----------------------------------------------------------------------------------------------------+---------+
; ficheros/unidad_control.vhd         ; yes             ; User VHDL File               ; C:/Users/pec01/Desktop/PEC-FIB-master/Procesador Base - Etapa 5/ficheros/unidad_control.vhd         ;         ;
; ficheros/regfile.vhd                ; yes             ; User VHDL File               ; C:/Users/pec01/Desktop/PEC-FIB-master/Procesador Base - Etapa 5/ficheros/regfile.vhd                ;         ;
; ficheros/proc.vhd                   ; yes             ; User VHDL File               ; C:/Users/pec01/Desktop/PEC-FIB-master/Procesador Base - Etapa 5/ficheros/proc.vhd                   ;         ;
; ficheros/multi.vhd                  ; yes             ; User VHDL File               ; C:/Users/pec01/Desktop/PEC-FIB-master/Procesador Base - Etapa 5/ficheros/multi.vhd                  ;         ;
; ficheros/datapath.vhd               ; yes             ; User VHDL File               ; C:/Users/pec01/Desktop/PEC-FIB-master/Procesador Base - Etapa 5/ficheros/datapath.vhd               ;         ;
; ficheros/control_l.vhd              ; yes             ; User VHDL File               ; C:/Users/pec01/Desktop/PEC-FIB-master/Procesador Base - Etapa 5/ficheros/control_l.vhd              ;         ;
; ficheros/alu.vhd                    ; yes             ; User VHDL File               ; C:/Users/pec01/Desktop/PEC-FIB-master/Procesador Base - Etapa 5/ficheros/alu.vhd                    ;         ;
; ficheros/MemoryController.vhd       ; yes             ; User VHDL File               ; C:/Users/pec01/Desktop/PEC-FIB-master/Procesador Base - Etapa 5/ficheros/MemoryController.vhd       ;         ;
; ficheros/sisa.vhd                   ; yes             ; User VHDL File               ; C:/Users/pec01/Desktop/PEC-FIB-master/Procesador Base - Etapa 5/ficheros/sisa.vhd                   ;         ;
; ficheros/SRAMController.vhd         ; yes             ; User VHDL File               ; C:/Users/pec01/Desktop/PEC-FIB-master/Procesador Base - Etapa 5/ficheros/SRAMController.vhd         ;         ;
; driverSegmentos.vhd                 ; yes             ; User VHDL File               ; C:/Users/pec01/Desktop/PEC-FIB-master/Procesador Base - Etapa 5/driverSegmentos.vhd                 ;         ;
; driver7Segmentos.vhd                ; yes             ; User VHDL File               ; C:/Users/pec01/Desktop/PEC-FIB-master/Procesador Base - Etapa 5/driver7Segmentos.vhd                ;         ;
; ficheros/func_ayuda_control_pkg.vhd ; yes             ; User VHDL File               ; C:/Users/pec01/Desktop/PEC-FIB-master/Procesador Base - Etapa 5/ficheros/func_ayuda_control_pkg.vhd ;         ;
; ficheros/const_alu.vhd              ; yes             ; User VHDL File               ; C:/Users/pec01/Desktop/PEC-FIB-master/Procesador Base - Etapa 5/ficheros/const_alu.vhd              ;         ;
; controladores_IO.vhd                ; yes             ; User VHDL File               ; C:/Users/pec01/Desktop/PEC-FIB-master/Procesador Base - Etapa 5/controladores_IO.vhd                ;         ;
; altsyncram.tdf                      ; yes             ; Megafunction                 ; c:/altera/13.0sp1/quartus/libraries/megafunctions/altsyncram.tdf                                    ;         ;
; stratix_ram_block.inc               ; yes             ; Megafunction                 ; c:/altera/13.0sp1/quartus/libraries/megafunctions/stratix_ram_block.inc                             ;         ;
; lpm_mux.inc                         ; yes             ; Megafunction                 ; c:/altera/13.0sp1/quartus/libraries/megafunctions/lpm_mux.inc                                       ;         ;
; lpm_decode.inc                      ; yes             ; Megafunction                 ; c:/altera/13.0sp1/quartus/libraries/megafunctions/lpm_decode.inc                                    ;         ;
; aglobal130.inc                      ; yes             ; Megafunction                 ; c:/altera/13.0sp1/quartus/libraries/megafunctions/aglobal130.inc                                    ;         ;
; a_rdenreg.inc                       ; yes             ; Megafunction                 ; c:/altera/13.0sp1/quartus/libraries/megafunctions/a_rdenreg.inc                                     ;         ;
; altrom.inc                          ; yes             ; Megafunction                 ; c:/altera/13.0sp1/quartus/libraries/megafunctions/altrom.inc                                        ;         ;
; altram.inc                          ; yes             ; Megafunction                 ; c:/altera/13.0sp1/quartus/libraries/megafunctions/altram.inc                                        ;         ;
; altdpram.inc                        ; yes             ; Megafunction                 ; c:/altera/13.0sp1/quartus/libraries/megafunctions/altdpram.inc                                      ;         ;
; db/altsyncram_koc1.tdf              ; yes             ; Auto-Generated Megafunction  ; C:/Users/pec01/Desktop/PEC-FIB-master/Procesador Base - Etapa 5/db/altsyncram_koc1.tdf              ;         ;
; lpm_mult.tdf                        ; yes             ; Megafunction                 ; c:/altera/13.0sp1/quartus/libraries/megafunctions/lpm_mult.tdf                                      ;         ;
; lpm_add_sub.inc                     ; yes             ; Megafunction                 ; c:/altera/13.0sp1/quartus/libraries/megafunctions/lpm_add_sub.inc                                   ;         ;
; multcore.inc                        ; yes             ; Megafunction                 ; c:/altera/13.0sp1/quartus/libraries/megafunctions/multcore.inc                                      ;         ;
; bypassff.inc                        ; yes             ; Megafunction                 ; c:/altera/13.0sp1/quartus/libraries/megafunctions/bypassff.inc                                      ;         ;
; altshift.inc                        ; yes             ; Megafunction                 ; c:/altera/13.0sp1/quartus/libraries/megafunctions/altshift.inc                                      ;         ;
; db/mult_h1t.tdf                     ; yes             ; Auto-Generated Megafunction  ; C:/Users/pec01/Desktop/PEC-FIB-master/Procesador Base - Etapa 5/db/mult_h1t.tdf                     ;         ;
; lpm_divide.tdf                      ; yes             ; Megafunction                 ; c:/altera/13.0sp1/quartus/libraries/megafunctions/lpm_divide.tdf                                    ;         ;
; abs_divider.inc                     ; yes             ; Megafunction                 ; c:/altera/13.0sp1/quartus/libraries/megafunctions/abs_divider.inc                                   ;         ;
; sign_div_unsign.inc                 ; yes             ; Megafunction                 ; c:/altera/13.0sp1/quartus/libraries/megafunctions/sign_div_unsign.inc                               ;         ;
; db/lpm_divide_rto.tdf               ; yes             ; Auto-Generated Megafunction  ; C:/Users/pec01/Desktop/PEC-FIB-master/Procesador Base - Etapa 5/db/lpm_divide_rto.tdf               ;         ;
; db/abs_divider_8dg.tdf              ; yes             ; Auto-Generated Megafunction  ; C:/Users/pec01/Desktop/PEC-FIB-master/Procesador Base - Etapa 5/db/abs_divider_8dg.tdf              ;         ;
; db/alt_u_div_s5f.tdf                ; yes             ; Auto-Generated Megafunction  ; C:/Users/pec01/Desktop/PEC-FIB-master/Procesador Base - Etapa 5/db/alt_u_div_s5f.tdf                ;         ;
; db/add_sub_lkc.tdf                  ; yes             ; Auto-Generated Megafunction  ; C:/Users/pec01/Desktop/PEC-FIB-master/Procesador Base - Etapa 5/db/add_sub_lkc.tdf                  ;         ;
; db/add_sub_mkc.tdf                  ; yes             ; Auto-Generated Megafunction  ; C:/Users/pec01/Desktop/PEC-FIB-master/Procesador Base - Etapa 5/db/add_sub_mkc.tdf                  ;         ;
; db/lpm_abs_2s9.tdf                  ; yes             ; Auto-Generated Megafunction  ; C:/Users/pec01/Desktop/PEC-FIB-master/Procesador Base - Etapa 5/db/lpm_abs_2s9.tdf                  ;         ;
; db/mult_l8t.tdf                     ; yes             ; Auto-Generated Megafunction  ; C:/Users/pec01/Desktop/PEC-FIB-master/Procesador Base - Etapa 5/db/mult_l8t.tdf                     ;         ;
; db/lpm_divide_3gm.tdf               ; yes             ; Auto-Generated Megafunction  ; C:/Users/pec01/Desktop/PEC-FIB-master/Procesador Base - Etapa 5/db/lpm_divide_3gm.tdf               ;         ;
; db/sign_div_unsign_dnh.tdf          ; yes             ; Auto-Generated Megafunction  ; C:/Users/pec01/Desktop/PEC-FIB-master/Procesador Base - Etapa 5/db/sign_div_unsign_dnh.tdf          ;         ;
+-------------------------------------+-----------------+------------------------------+-----------------------------------------------------------------------------------------------------+---------+


+--------------------------------------------------------+
; Analysis & Synthesis Resource Usage Summary            ;
+---------------------------------------------+----------+
; Resource                                    ; Usage    ;
+---------------------------------------------+----------+
; Estimated Total logic elements              ; 2,132    ;
;                                             ;          ;
; Total combinational functions               ; 1768     ;
; Logic element usage by number of LUT inputs ;          ;
;     -- 4 input functions                    ; 1103     ;
;     -- 3 input functions                    ; 575      ;
;     -- <=2 input functions                  ; 90       ;
;                                             ;          ;
; Logic elements by mode                      ;          ;
;     -- normal mode                          ; 1399     ;
;     -- arithmetic mode                      ; 369      ;
;                                             ;          ;
; Total registers                             ; 439      ;
;     -- Dedicated logic registers            ; 439      ;
;     -- I/O registers                        ; 0        ;
;                                             ;          ;
; I/O pins                                    ; 98       ;
; Total memory bits                           ; 512      ;
; Embedded Multiplier 9-bit elements          ; 4        ;
; Maximum fan-out node                        ; CLOCK_50 ;
; Maximum fan-out                             ; 286      ;
; Total fan-out                               ; 7852     ;
; Average fan-out                             ; 3.39     ;
+---------------------------------------------+----------+


+----------------------------------------------------------------------------------------------------------------------------------------------------------------------------------------------------------------------------------------------------------------------------------------------------------------------------------------------------+
; Analysis & Synthesis Resource Utilization by Entity                                                                                                                                                                                                                                                                                                ;
+-------------------------------------------------+-------------------+--------------+-------------+--------------+---------+-----------+------+--------------+-----------------------------------------------------------------------------------------------------------------------------------------------------------------------+--------------+
; Compilation Hierarchy Node                      ; LC Combinationals ; LC Registers ; Memory Bits ; DSP Elements ; DSP 9x9 ; DSP 18x18 ; Pins ; Virtual Pins ; Full Hierarchy Name                                                                                                                                                   ; Library Name ;
+-------------------------------------------------+-------------------+--------------+-------------+--------------+---------+-----------+------+--------------+-----------------------------------------------------------------------------------------------------------------------------------------------------------------------+--------------+
; |sisa                                           ; 1768 (4)          ; 439 (3)      ; 512         ; 4            ; 0       ; 2         ; 98   ; 0            ; |sisa                                                                                                                                                                 ; work         ;
;    |MemoryController:memory0|                   ; 27 (0)            ; 3 (0)        ; 0           ; 0            ; 0       ; 0         ; 0    ; 0            ; |sisa|MemoryController:memory0                                                                                                                                        ; work         ;
;       |SRAMController:sram_controller|          ; 27 (27)           ; 3 (3)        ; 0           ; 0            ; 0       ; 0         ; 0    ; 0            ; |sisa|MemoryController:memory0|SRAMController:sram_controller                                                                                                         ; work         ;
;    |ProcesadorBase:proc0|                       ; 1652 (0)          ; 161 (0)      ; 0           ; 4            ; 0       ; 2         ; 0    ; 0            ; |sisa|ProcesadorBase:proc0                                                                                                                                            ; work         ;
;       |datapath:d0|                             ; 1536 (277)        ; 128 (0)      ; 0           ; 4            ; 0       ; 2         ; 0    ; 0            ; |sisa|ProcesadorBase:proc0|datapath:d0                                                                                                                                ; work         ;
;          |alu:alu0|                             ; 1095 (446)        ; 0 (0)        ; 0           ; 4            ; 0       ; 2         ; 0    ; 0            ; |sisa|ProcesadorBase:proc0|datapath:d0|alu:alu0                                                                                                                       ; work         ;
;             |lpm_divide:Div0|                   ; 361 (0)           ; 0 (0)        ; 0           ; 0            ; 0       ; 0         ; 0    ; 0            ; |sisa|ProcesadorBase:proc0|datapath:d0|alu:alu0|lpm_divide:Div0                                                                                                       ; work         ;
;                |lpm_divide_rto:auto_generated|  ; 361 (0)           ; 0 (0)        ; 0           ; 0            ; 0       ; 0         ; 0    ; 0            ; |sisa|ProcesadorBase:proc0|datapath:d0|alu:alu0|lpm_divide:Div0|lpm_divide_rto:auto_generated                                                                         ; work         ;
;                   |abs_divider_8dg:divider|     ; 361 (27)          ; 0 (0)        ; 0           ; 0            ; 0       ; 0         ; 0    ; 0            ; |sisa|ProcesadorBase:proc0|datapath:d0|alu:alu0|lpm_divide:Div0|lpm_divide_rto:auto_generated|abs_divider_8dg:divider                                                 ; work         ;
;                      |alt_u_div_s5f:divider|    ; 284 (281)         ; 0 (0)        ; 0           ; 0            ; 0       ; 0         ; 0    ; 0            ; |sisa|ProcesadorBase:proc0|datapath:d0|alu:alu0|lpm_divide:Div0|lpm_divide_rto:auto_generated|abs_divider_8dg:divider|alt_u_div_s5f:divider                           ; work         ;
;                         |add_sub_lkc:add_sub_0| ; 1 (1)             ; 0 (0)        ; 0           ; 0            ; 0       ; 0         ; 0    ; 0            ; |sisa|ProcesadorBase:proc0|datapath:d0|alu:alu0|lpm_divide:Div0|lpm_divide_rto:auto_generated|abs_divider_8dg:divider|alt_u_div_s5f:divider|add_sub_lkc:add_sub_0     ; work         ;
;                         |add_sub_mkc:add_sub_1| ; 2 (2)             ; 0 (0)        ; 0           ; 0            ; 0       ; 0         ; 0    ; 0            ; |sisa|ProcesadorBase:proc0|datapath:d0|alu:alu0|lpm_divide:Div0|lpm_divide_rto:auto_generated|abs_divider_8dg:divider|alt_u_div_s5f:divider|add_sub_mkc:add_sub_1     ; work         ;
;                      |lpm_abs_2s9:my_abs_den|   ; 29 (29)           ; 0 (0)        ; 0           ; 0            ; 0       ; 0         ; 0    ; 0            ; |sisa|ProcesadorBase:proc0|datapath:d0|alu:alu0|lpm_divide:Div0|lpm_divide_rto:auto_generated|abs_divider_8dg:divider|lpm_abs_2s9:my_abs_den                          ; work         ;
;                      |lpm_abs_2s9:my_abs_num|   ; 21 (21)           ; 0 (0)        ; 0           ; 0            ; 0       ; 0         ; 0    ; 0            ; |sisa|ProcesadorBase:proc0|datapath:d0|alu:alu0|lpm_divide:Div0|lpm_divide_rto:auto_generated|abs_divider_8dg:divider|lpm_abs_2s9:my_abs_num                          ; work         ;
;             |lpm_divide:Div1|                   ; 288 (0)           ; 0 (0)        ; 0           ; 0            ; 0       ; 0         ; 0    ; 0            ; |sisa|ProcesadorBase:proc0|datapath:d0|alu:alu0|lpm_divide:Div1                                                                                                       ; work         ;
;                |lpm_divide_3gm:auto_generated|  ; 288 (0)           ; 0 (0)        ; 0           ; 0            ; 0       ; 0         ; 0    ; 0            ; |sisa|ProcesadorBase:proc0|datapath:d0|alu:alu0|lpm_divide:Div1|lpm_divide_3gm:auto_generated                                                                         ; work         ;
;                   |sign_div_unsign_dnh:divider| ; 288 (0)           ; 0 (0)        ; 0           ; 0            ; 0       ; 0         ; 0    ; 0            ; |sisa|ProcesadorBase:proc0|datapath:d0|alu:alu0|lpm_divide:Div1|lpm_divide_3gm:auto_generated|sign_div_unsign_dnh:divider                                             ; work         ;
;                      |alt_u_div_s5f:divider|    ; 288 (287)         ; 0 (0)        ; 0           ; 0            ; 0       ; 0         ; 0    ; 0            ; |sisa|ProcesadorBase:proc0|datapath:d0|alu:alu0|lpm_divide:Div1|lpm_divide_3gm:auto_generated|sign_div_unsign_dnh:divider|alt_u_div_s5f:divider                       ; work         ;
;                         |add_sub_mkc:add_sub_1| ; 1 (1)             ; 0 (0)        ; 0           ; 0            ; 0       ; 0         ; 0    ; 0            ; |sisa|ProcesadorBase:proc0|datapath:d0|alu:alu0|lpm_divide:Div1|lpm_divide_3gm:auto_generated|sign_div_unsign_dnh:divider|alt_u_div_s5f:divider|add_sub_mkc:add_sub_1 ; work         ;
;             |lpm_mult:Mult0|                    ; 0 (0)             ; 0 (0)        ; 0           ; 2            ; 0       ; 1         ; 0    ; 0            ; |sisa|ProcesadorBase:proc0|datapath:d0|alu:alu0|lpm_mult:Mult0                                                                                                        ; work         ;
;                |mult_h1t:auto_generated|        ; 0 (0)             ; 0 (0)        ; 0           ; 2            ; 0       ; 1         ; 0    ; 0            ; |sisa|ProcesadorBase:proc0|datapath:d0|alu:alu0|lpm_mult:Mult0|mult_h1t:auto_generated                                                                                ; work         ;
;             |lpm_mult:Mult1|                    ; 0 (0)             ; 0 (0)        ; 0           ; 2            ; 0       ; 1         ; 0    ; 0            ; |sisa|ProcesadorBase:proc0|datapath:d0|alu:alu0|lpm_mult:Mult1                                                                                                        ; work         ;
;                |mult_l8t:auto_generated|        ; 0 (0)             ; 0 (0)        ; 0           ; 2            ; 0       ; 1         ; 0    ; 0            ; |sisa|ProcesadorBase:proc0|datapath:d0|alu:alu0|lpm_mult:Mult1|mult_l8t:auto_generated                                                                                ; work         ;
;          |regfile:reg0|                         ; 164 (164)         ; 128 (128)    ; 0           ; 0            ; 0       ; 0         ; 0    ; 0            ; |sisa|ProcesadorBase:proc0|datapath:d0|regfile:reg0                                                                                                                   ; work         ;
;       |unidad_control:cu0|                      ; 116 (67)          ; 33 (32)      ; 0           ; 0            ; 0       ; 0         ; 0    ; 0            ; |sisa|ProcesadorBase:proc0|unidad_control:cu0                                                                                                                         ; work         ;
;          |control_l:clogic0|                    ; 46 (46)           ; 0 (0)        ; 0           ; 0            ; 0       ; 0         ; 0    ; 0            ; |sisa|ProcesadorBase:proc0|unidad_control:cu0|control_l:clogic0                                                                                                       ; work         ;
;          |multi:ge|                             ; 3 (3)             ; 1 (1)        ; 0           ; 0            ; 0       ; 0         ; 0    ; 0            ; |sisa|ProcesadorBase:proc0|unidad_control:cu0|multi:ge                                                                                                                ; work         ;
;    |controladores_IO:controladosIO|             ; 57 (57)           ; 272 (272)    ; 512         ; 0            ; 0       ; 0         ; 0    ; 0            ; |sisa|controladores_IO:controladosIO                                                                                                                                  ; work         ;
;       |altsyncram:registro_io_rtl_0|            ; 0 (0)             ; 0 (0)        ; 512         ; 0            ; 0       ; 0         ; 0    ; 0            ; |sisa|controladores_IO:controladosIO|altsyncram:registro_io_rtl_0                                                                                                     ; work         ;
;          |altsyncram_koc1:auto_generated|       ; 0 (0)             ; 0 (0)        ; 512         ; 0            ; 0       ; 0         ; 0    ; 0            ; |sisa|controladores_IO:controladosIO|altsyncram:registro_io_rtl_0|altsyncram_koc1:auto_generated                                                                      ; work         ;
;    |driverSegmentos:Segments|                   ; 28 (0)            ; 0 (0)        ; 0           ; 0            ; 0       ; 0         ; 0    ; 0            ; |sisa|driverSegmentos:Segments                                                                                                                                        ; work         ;
;       |driver7Segmentos:h0|                     ; 7 (7)             ; 0 (0)        ; 0           ; 0            ; 0       ; 0         ; 0    ; 0            ; |sisa|driverSegmentos:Segments|driver7Segmentos:h0                                                                                                                    ; work         ;
;       |driver7Segmentos:h1|                     ; 7 (7)             ; 0 (0)        ; 0           ; 0            ; 0       ; 0         ; 0    ; 0            ; |sisa|driverSegmentos:Segments|driver7Segmentos:h1                                                                                                                    ; work         ;
;       |driver7Segmentos:h2|                     ; 7 (7)             ; 0 (0)        ; 0           ; 0            ; 0       ; 0         ; 0    ; 0            ; |sisa|driverSegmentos:Segments|driver7Segmentos:h2                                                                                                                    ; work         ;
;       |driver7Segmentos:h3|                     ; 7 (7)             ; 0 (0)        ; 0           ; 0            ; 0       ; 0         ; 0    ; 0            ; |sisa|driverSegmentos:Segments|driver7Segmentos:h3                                                                                                                    ; work         ;
+-------------------------------------------------+-------------------+--------------+-------------+--------------+---------+-----------+------+--------------+-----------------------------------------------------------------------------------------------------------------------------------------------------------------------+--------------+
Note: For table entries with two numbers listed, the numbers in parentheses indicate the number of resources of the given type used by the specific entity alone. The numbers listed outside of parentheses indicate the total resources of the given type used by the specific entity and all of its sub-entities in the hierarchy.


+-----------------------------------------------------------------------------------------------------------------------------------------------------------------------------------------------------------+
; Analysis & Synthesis RAM Summary                                                                                                                                                                          ;
+-------------------------------------------------------------------------------------------------------+------+------------------+--------------+--------------+--------------+--------------+------+------+
; Name                                                                                                  ; Type ; Mode             ; Port A Depth ; Port A Width ; Port B Depth ; Port B Width ; Size ; MIF  ;
+-------------------------------------------------------------------------------------------------------+------+------------------+--------------+--------------+--------------+--------------+------+------+
; controladores_IO:controladosIO|altsyncram:registro_io_rtl_0|altsyncram_koc1:auto_generated|ALTSYNCRAM ; AUTO ; Simple Dual Port ; 64           ; 8            ; 64           ; 8            ; 512  ; None ;
+-------------------------------------------------------------------------------------------------------+------+------------------+--------------+--------------+--------------+--------------+------+------+


+-----------------------------------------------------+
; Analysis & Synthesis DSP Block Usage Summary        ;
+---------------------------------------+-------------+
; Statistic                             ; Number Used ;
+---------------------------------------+-------------+
; Simple Multipliers (9-bit)            ; 0           ;
; Simple Multipliers (18-bit)           ; 2           ;
; Embedded Multiplier Blocks            ; --          ;
; Embedded Multiplier 9-bit elements    ; 4           ;
; Signed Embedded Multipliers           ; 1           ;
; Unsigned Embedded Multipliers         ; 1           ;
; Mixed Sign Embedded Multipliers       ; 0           ;
; Variable Sign Embedded Multipliers    ; 0           ;
; Dedicated Input Shift Register Chains ; 0           ;
+---------------------------------------+-------------+
Note: number of Embedded Multiplier Blocks used is only available after a successful fit.


Encoding Type:  One-Hot
+-------------------------------------------------------------------------------------+
; State Machine - |sisa|MemoryController:memory0|SRAMController:sram_controller|estat ;
+---------------+---------------+---------------+-------------------------------------+
; Name          ; estat.WAITING ; estat.NOTHING ; estat.WRITING                       ;
+---------------+---------------+---------------+-------------------------------------+
; estat.WRITING ; 0             ; 0             ; 0                                   ;
; estat.NOTHING ; 0             ; 1             ; 1                                   ;
; estat.WAITING ; 1             ; 0             ; 1                                   ;
+---------------+---------------+---------------+-------------------------------------+


+--------------------------------------------------------------------------------------------+
; Registers Removed During Synthesis                                                         ;
+-----------------------------------------------------------------------+--------------------+
; Register name                                                         ; Reason for Removal ;
+-----------------------------------------------------------------------+--------------------+
; MemoryController:memory0|SRAMController:sram_controller|estat.WAITING ; Lost fanout        ;
; Total Number of Removed Registers = 1                                 ;                    ;
+-----------------------------------------------------------------------+--------------------+


+------------------------------------------------------+
; General Register Statistics                          ;
+----------------------------------------------+-------+
; Statistic                                    ; Value ;
+----------------------------------------------+-------+
; Total registers                              ; 439   ;
; Number of registers using Synchronous Clear  ; 14    ;
; Number of registers using Synchronous Load   ; 10    ;
; Number of registers using Asynchronous Clear ; 1     ;
; Number of registers using Asynchronous Load  ; 0     ;
; Number of registers using Clock Enable       ; 413   ;
; Number of registers using Preset             ; 0     ;
+----------------------------------------------+-------+


+-----------------------------------------------------------------------------+
; Inverted Register Statistics                                                ;
+-------------------------------------------------------------------+---------+
; Inverted Register                                                 ; Fan out ;
+-------------------------------------------------------------------+---------+
; MemoryController:memory0|SRAMController:sram_controller|SRAM_WE_N ; 1       ;
; Total number of inverted registers = 1                            ;         ;
+-------------------------------------------------------------------+---------+


+--------------------------------------------------------------------------------------------------------------------------+
; Registers Packed Into Inferred Megafunctions                                                                             ;
+----------------------------------------------------------------+--------------------------------------------------+------+
; Register Name                                                  ; Megafunction                                     ; Type ;
+----------------------------------------------------------------+--------------------------------------------------+------+
; controladores_IO:controladosIO|registro_io[0..9,11..32][8..15] ; controladores_IO:controladosIO|registro_io_rtl_0 ; RAM  ;
+----------------------------------------------------------------+--------------------------------------------------+------+


+-------------------------------------------------------------------------------------------------------------------------------------------------------------------------------------------+
; Multiplexer Restructuring Statistics (Restructuring Performed)                                                                                                                            ;
+--------------------+-----------+---------------+----------------------+------------------------+------------+-----------------------------------------------------------------------------+
; Multiplexer Inputs ; Bus Width ; Baseline Area ; Area if Restructured ; Saving if Restructured ; Registered ; Example Multiplexer Output                                                  ;
+--------------------+-----------+---------------+----------------------+------------------------+------------+-----------------------------------------------------------------------------+
; 3:1                ; 8 bits    ; 16 LEs        ; 8 LEs                ; 8 LEs                  ; Yes        ; |sisa|controladores_IO:controladosIO|registro_io[8][5]                      ;
; 3:1                ; 4 bits    ; 8 LEs         ; 4 LEs                ; 4 LEs                  ; Yes        ; |sisa|controladores_IO:controladosIO|registro_io[7][0]                      ;
; 3:1                ; 10 bits   ; 20 LEs        ; 10 LEs               ; 10 LEs                 ; Yes        ; |sisa|ProcesadorBase:proc0|unidad_control:cu0|ir_actual[13]                 ;
; 5:1                ; 15 bits   ; 45 LEs        ; 30 LEs               ; 15 LEs                 ; Yes        ; |sisa|ProcesadorBase:proc0|unidad_control:cu0|new_pc[14]                    ;
; 4:1                ; 8 bits    ; 16 LEs        ; 16 LEs               ; 0 LEs                  ; No         ; |sisa|ProcesadorBase:proc0|datapath:d0|Mux0                                 ;
; 3:1                ; 7 bits    ; 14 LEs        ; 14 LEs               ; 0 LEs                  ; No         ; |sisa|ProcesadorBase:proc0|datapath:d0|TOy[6]                               ;
; 3:1                ; 6 bits    ; 12 LEs        ; 12 LEs               ; 0 LEs                  ; No         ; |sisa|ProcesadorBase:proc0|unidad_control:cu0|ir_actual                     ;
; 3:1                ; 7 bits    ; 14 LEs        ; 7 LEs                ; 7 LEs                  ; No         ; |sisa|MemoryController:memory0|SRAMController:sram_controller|dataReaded[5] ;
; 4:1                ; 2 bits    ; 4 LEs         ; 4 LEs                ; 0 LEs                  ; No         ; |sisa|ProcesadorBase:proc0|unidad_control:cu0|control_l:clogic0|in_d[1]     ;
; 16:1               ; 3 bits    ; 30 LEs        ; 3 LEs                ; 27 LEs                 ; No         ; |sisa|ProcesadorBase:proc0|unidad_control:cu0|control_l:clogic0|Mux9        ;
; 36:1               ; 8 bits    ; 192 LEs       ; 192 LEs              ; 0 LEs                  ; No         ; |sisa|ProcesadorBase:proc0|datapath:d0|Mux15                                ;
; 33:1               ; 3 bits    ; 66 LEs        ; 39 LEs               ; 27 LEs                 ; No         ; |sisa|ProcesadorBase:proc0|datapath:d0|alu:alu0|Mux4                        ;
; 32:1               ; 3 bits    ; 63 LEs        ; 39 LEs               ; 24 LEs                 ; No         ; |sisa|ProcesadorBase:proc0|datapath:d0|alu:alu0|Mux9                        ;
; 34:1               ; 2 bits    ; 44 LEs        ; 28 LEs               ; 16 LEs                 ; No         ; |sisa|ProcesadorBase:proc0|datapath:d0|alu:alu0|Mux2                        ;
; 33:1               ; 2 bits    ; 44 LEs        ; 28 LEs               ; 16 LEs                 ; No         ; |sisa|ProcesadorBase:proc0|datapath:d0|alu:alu0|Mux13                       ;
+--------------------+-----------+---------------+----------------------+------------------------+------------+-----------------------------------------------------------------------------+


+-------------------------------------------------------------------------------------------------------------------+
; Source assignments for controladores_IO:controladosIO|altsyncram:registro_io_rtl_0|altsyncram_koc1:auto_generated ;
+---------------------------------+--------------------+------+-----------------------------------------------------+
; Assignment                      ; Value              ; From ; To                                                  ;
+---------------------------------+--------------------+------+-----------------------------------------------------+
; OPTIMIZE_POWER_DURING_SYNTHESIS ; NORMAL_COMPILATION ; -    ; -                                                   ;
+---------------------------------+--------------------+------+-----------------------------------------------------+


+--------------------------------------------------------------------------------------------------------------+
; Parameter Settings for Inferred Entity Instance: controladores_IO:controladosIO|altsyncram:registro_io_rtl_0 ;
+------------------------------------+----------------------+--------------------------------------------------+
; Parameter Name                     ; Value                ; Type                                             ;
+------------------------------------+----------------------+--------------------------------------------------+
; BYTE_SIZE_BLOCK                    ; 8                    ; Untyped                                          ;
; AUTO_CARRY_CHAINS                  ; ON                   ; AUTO_CARRY                                       ;
; IGNORE_CARRY_BUFFERS               ; OFF                  ; IGNORE_CARRY                                     ;
; AUTO_CASCADE_CHAINS                ; ON                   ; AUTO_CASCADE                                     ;
; IGNORE_CASCADE_BUFFERS             ; OFF                  ; IGNORE_CASCADE                                   ;
; WIDTH_BYTEENA                      ; 1                    ; Untyped                                          ;
; OPERATION_MODE                     ; DUAL_PORT            ; Untyped                                          ;
; WIDTH_A                            ; 8                    ; Untyped                                          ;
; WIDTHAD_A                          ; 6                    ; Untyped                                          ;
; NUMWORDS_A                         ; 64                   ; Untyped                                          ;
; OUTDATA_REG_A                      ; UNREGISTERED         ; Untyped                                          ;
; ADDRESS_ACLR_A                     ; NONE                 ; Untyped                                          ;
; OUTDATA_ACLR_A                     ; NONE                 ; Untyped                                          ;
; WRCONTROL_ACLR_A                   ; NONE                 ; Untyped                                          ;
; INDATA_ACLR_A                      ; NONE                 ; Untyped                                          ;
; BYTEENA_ACLR_A                     ; NONE                 ; Untyped                                          ;
; WIDTH_B                            ; 8                    ; Untyped                                          ;
; WIDTHAD_B                          ; 6                    ; Untyped                                          ;
; NUMWORDS_B                         ; 64                   ; Untyped                                          ;
; INDATA_REG_B                       ; CLOCK1               ; Untyped                                          ;
; WRCONTROL_WRADDRESS_REG_B          ; CLOCK1               ; Untyped                                          ;
; RDCONTROL_REG_B                    ; CLOCK1               ; Untyped                                          ;
; ADDRESS_REG_B                      ; CLOCK1               ; Untyped                                          ;
; OUTDATA_REG_B                      ; UNREGISTERED         ; Untyped                                          ;
; BYTEENA_REG_B                      ; CLOCK1               ; Untyped                                          ;
; INDATA_ACLR_B                      ; NONE                 ; Untyped                                          ;
; WRCONTROL_ACLR_B                   ; NONE                 ; Untyped                                          ;
; ADDRESS_ACLR_B                     ; NONE                 ; Untyped                                          ;
; OUTDATA_ACLR_B                     ; NONE                 ; Untyped                                          ;
; RDCONTROL_ACLR_B                   ; NONE                 ; Untyped                                          ;
; BYTEENA_ACLR_B                     ; NONE                 ; Untyped                                          ;
; WIDTH_BYTEENA_A                    ; 1                    ; Untyped                                          ;
; WIDTH_BYTEENA_B                    ; 1                    ; Untyped                                          ;
; RAM_BLOCK_TYPE                     ; AUTO                 ; Untyped                                          ;
; BYTE_SIZE                          ; 8                    ; Untyped                                          ;
; READ_DURING_WRITE_MODE_MIXED_PORTS ; DONT_CARE            ; Untyped                                          ;
; READ_DURING_WRITE_MODE_PORT_A      ; NEW_DATA_NO_NBE_READ ; Untyped                                          ;
; READ_DURING_WRITE_MODE_PORT_B      ; NEW_DATA_NO_NBE_READ ; Untyped                                          ;
; INIT_FILE                          ; UNUSED               ; Untyped                                          ;
; INIT_FILE_LAYOUT                   ; PORT_A               ; Untyped                                          ;
; MAXIMUM_DEPTH                      ; 0                    ; Untyped                                          ;
; CLOCK_ENABLE_INPUT_A               ; NORMAL               ; Untyped                                          ;
; CLOCK_ENABLE_INPUT_B               ; NORMAL               ; Untyped                                          ;
; CLOCK_ENABLE_OUTPUT_A              ; NORMAL               ; Untyped                                          ;
; CLOCK_ENABLE_OUTPUT_B              ; NORMAL               ; Untyped                                          ;
; CLOCK_ENABLE_CORE_A                ; USE_INPUT_CLKEN      ; Untyped                                          ;
; CLOCK_ENABLE_CORE_B                ; USE_INPUT_CLKEN      ; Untyped                                          ;
; ENABLE_ECC                         ; FALSE                ; Untyped                                          ;
; ECC_PIPELINE_STAGE_ENABLED         ; FALSE                ; Untyped                                          ;
; WIDTH_ECCSTATUS                    ; 3                    ; Untyped                                          ;
; DEVICE_FAMILY                      ; Cyclone II           ; Untyped                                          ;
; CBXI_PARAMETER                     ; altsyncram_koc1      ; Untyped                                          ;
+------------------------------------+----------------------+--------------------------------------------------+
Note: In order to hide this table in the UI and the text report file, please set the "Show Parameter Settings in Synthesis Report" option in "Analysis and Synthesis Settings -> More Settings" to "Off".


+-----------------------------------------------------------------------------------------------------------+
; Parameter Settings for Inferred Entity Instance: ProcesadorBase:proc0|datapath:d0|alu:alu0|lpm_mult:Mult0 ;
+------------------------------------------------+------------+---------------------------------------------+
; Parameter Name                                 ; Value      ; Type                                        ;
+------------------------------------------------+------------+---------------------------------------------+
; AUTO_CARRY_CHAINS                              ; ON         ; AUTO_CARRY                                  ;
; IGNORE_CARRY_BUFFERS                           ; OFF        ; IGNORE_CARRY                                ;
; AUTO_CASCADE_CHAINS                            ; ON         ; AUTO_CASCADE                                ;
; IGNORE_CASCADE_BUFFERS                         ; OFF        ; IGNORE_CASCADE                              ;
; LPM_WIDTHA                                     ; 16         ; Untyped                                     ;
; LPM_WIDTHB                                     ; 16         ; Untyped                                     ;
; LPM_WIDTHP                                     ; 32         ; Untyped                                     ;
; LPM_WIDTHR                                     ; 32         ; Untyped                                     ;
; LPM_WIDTHS                                     ; 1          ; Untyped                                     ;
; LPM_REPRESENTATION                             ; SIGNED     ; Untyped                                     ;
; LPM_PIPELINE                                   ; 0          ; Untyped                                     ;
; LATENCY                                        ; 0          ; Untyped                                     ;
; INPUT_A_IS_CONSTANT                            ; NO         ; Untyped                                     ;
; INPUT_B_IS_CONSTANT                            ; NO         ; Untyped                                     ;
; USE_EAB                                        ; OFF        ; Untyped                                     ;
; MAXIMIZE_SPEED                                 ; 5          ; Untyped                                     ;
; DEVICE_FAMILY                                  ; Cyclone II ; Untyped                                     ;
; CARRY_CHAIN                                    ; MANUAL     ; Untyped                                     ;
; APEX20K_TECHNOLOGY_MAPPER                      ; LUT        ; TECH_MAPPER_APEX20K                         ;
; DEDICATED_MULTIPLIER_CIRCUITRY                 ; AUTO       ; Untyped                                     ;
; DEDICATED_MULTIPLIER_MIN_INPUT_WIDTH_FOR_AUTO  ; 0          ; Untyped                                     ;
; DEDICATED_MULTIPLIER_MIN_OUTPUT_WIDTH_FOR_AUTO ; 0          ; Untyped                                     ;
; CBXI_PARAMETER                                 ; mult_h1t   ; Untyped                                     ;
; INPUT_A_FIXED_VALUE                            ; Bx         ; Untyped                                     ;
; INPUT_B_FIXED_VALUE                            ; Bx         ; Untyped                                     ;
; USE_AHDL_IMPLEMENTATION                        ; OFF        ; Untyped                                     ;
+------------------------------------------------+------------+---------------------------------------------+
Note: In order to hide this table in the UI and the text report file, please set the "Show Parameter Settings in Synthesis Report" option in "Analysis and Synthesis Settings -> More Settings" to "Off".


+------------------------------------------------------------------------------------------------------------+
; Parameter Settings for Inferred Entity Instance: ProcesadorBase:proc0|datapath:d0|alu:alu0|lpm_divide:Div0 ;
+------------------------+----------------+------------------------------------------------------------------+
; Parameter Name         ; Value          ; Type                                                             ;
+------------------------+----------------+------------------------------------------------------------------+
; LPM_WIDTHN             ; 16             ; Untyped                                                          ;
; LPM_WIDTHD             ; 16             ; Untyped                                                          ;
; LPM_NREPRESENTATION    ; SIGNED         ; Untyped                                                          ;
; LPM_DREPRESENTATION    ; SIGNED         ; Untyped                                                          ;
; LPM_PIPELINE           ; 0              ; Untyped                                                          ;
; LPM_REMAINDERPOSITIVE  ; FALSE          ; Untyped                                                          ;
; MAXIMIZE_SPEED         ; 5              ; Untyped                                                          ;
; CBXI_PARAMETER         ; lpm_divide_rto ; Untyped                                                          ;
; CARRY_CHAIN            ; MANUAL         ; Untyped                                                          ;
; OPTIMIZE_FOR_SPEED     ; 5              ; Untyped                                                          ;
; AUTO_CARRY_CHAINS      ; ON             ; AUTO_CARRY                                                       ;
; IGNORE_CARRY_BUFFERS   ; OFF            ; IGNORE_CARRY                                                     ;
; AUTO_CASCADE_CHAINS    ; ON             ; AUTO_CASCADE                                                     ;
; IGNORE_CASCADE_BUFFERS ; OFF            ; IGNORE_CASCADE                                                   ;
+------------------------+----------------+------------------------------------------------------------------+
Note: In order to hide this table in the UI and the text report file, please set the "Show Parameter Settings in Synthesis Report" option in "Analysis and Synthesis Settings -> More Settings" to "Off".


+-----------------------------------------------------------------------------------------------------------+
; Parameter Settings for Inferred Entity Instance: ProcesadorBase:proc0|datapath:d0|alu:alu0|lpm_mult:Mult1 ;
+------------------------------------------------+------------+---------------------------------------------+
; Parameter Name                                 ; Value      ; Type                                        ;
+------------------------------------------------+------------+---------------------------------------------+
; AUTO_CARRY_CHAINS                              ; ON         ; AUTO_CARRY                                  ;
; IGNORE_CARRY_BUFFERS                           ; OFF        ; IGNORE_CARRY                                ;
; AUTO_CASCADE_CHAINS                            ; ON         ; AUTO_CASCADE                                ;
; IGNORE_CASCADE_BUFFERS                         ; OFF        ; IGNORE_CASCADE                              ;
; LPM_WIDTHA                                     ; 16         ; Untyped                                     ;
; LPM_WIDTHB                                     ; 16         ; Untyped                                     ;
; LPM_WIDTHP                                     ; 32         ; Untyped                                     ;
; LPM_WIDTHR                                     ; 32         ; Untyped                                     ;
; LPM_WIDTHS                                     ; 1          ; Untyped                                     ;
; LPM_REPRESENTATION                             ; UNSIGNED   ; Untyped                                     ;
; LPM_PIPELINE                                   ; 0          ; Untyped                                     ;
; LATENCY                                        ; 0          ; Untyped                                     ;
; INPUT_A_IS_CONSTANT                            ; NO         ; Untyped                                     ;
; INPUT_B_IS_CONSTANT                            ; NO         ; Untyped                                     ;
; USE_EAB                                        ; OFF        ; Untyped                                     ;
; MAXIMIZE_SPEED                                 ; 6          ; Untyped                                     ;
; DEVICE_FAMILY                                  ; Cyclone II ; Untyped                                     ;
; CARRY_CHAIN                                    ; MANUAL     ; Untyped                                     ;
; APEX20K_TECHNOLOGY_MAPPER                      ; LUT        ; TECH_MAPPER_APEX20K                         ;
; DEDICATED_MULTIPLIER_CIRCUITRY                 ; AUTO       ; Untyped                                     ;
; DEDICATED_MULTIPLIER_MIN_INPUT_WIDTH_FOR_AUTO  ; 0          ; Untyped                                     ;
; DEDICATED_MULTIPLIER_MIN_OUTPUT_WIDTH_FOR_AUTO ; 0          ; Untyped                                     ;
; CBXI_PARAMETER                                 ; mult_l8t   ; Untyped                                     ;
; INPUT_A_FIXED_VALUE                            ; Bx         ; Untyped                                     ;
; INPUT_B_FIXED_VALUE                            ; Bx         ; Untyped                                     ;
; USE_AHDL_IMPLEMENTATION                        ; OFF        ; Untyped                                     ;
+------------------------------------------------+------------+---------------------------------------------+
Note: In order to hide this table in the UI and the text report file, please set the "Show Parameter Settings in Synthesis Report" option in "Analysis and Synthesis Settings -> More Settings" to "Off".


+------------------------------------------------------------------------------------------------------------+
; Parameter Settings for Inferred Entity Instance: ProcesadorBase:proc0|datapath:d0|alu:alu0|lpm_divide:Div1 ;
+------------------------+----------------+------------------------------------------------------------------+
; Parameter Name         ; Value          ; Type                                                             ;
+------------------------+----------------+------------------------------------------------------------------+
; LPM_WIDTHN             ; 16             ; Untyped                                                          ;
; LPM_WIDTHD             ; 16             ; Untyped                                                          ;
; LPM_NREPRESENTATION    ; UNSIGNED       ; Untyped                                                          ;
; LPM_DREPRESENTATION    ; UNSIGNED       ; Untyped                                                          ;
; LPM_PIPELINE           ; 0              ; Untyped                                                          ;
; LPM_REMAINDERPOSITIVE  ; TRUE           ; Untyped                                                          ;
; MAXIMIZE_SPEED         ; 5              ; Untyped                                                          ;
; CBXI_PARAMETER         ; lpm_divide_3gm ; Untyped                                                          ;
; CARRY_CHAIN            ; MANUAL         ; Untyped                                                          ;
; OPTIMIZE_FOR_SPEED     ; 5              ; Untyped                                                          ;
; AUTO_CARRY_CHAINS      ; ON             ; AUTO_CARRY                                                       ;
; IGNORE_CARRY_BUFFERS   ; OFF            ; IGNORE_CARRY                                                     ;
; AUTO_CASCADE_CHAINS    ; ON             ; AUTO_CASCADE                                                     ;
; IGNORE_CASCADE_BUFFERS ; OFF            ; IGNORE_CASCADE                                                   ;
+------------------------+----------------+------------------------------------------------------------------+
Note: In order to hide this table in the UI and the text report file, please set the "Show Parameter Settings in Synthesis Report" option in "Analysis and Synthesis Settings -> More Settings" to "Off".


+---------------------------------------------------------------------------------------------------------+
; altsyncram Parameter Settings by Entity Instance                                                        ;
+-------------------------------------------+-------------------------------------------------------------+
; Name                                      ; Value                                                       ;
+-------------------------------------------+-------------------------------------------------------------+
; Number of entity instances                ; 1                                                           ;
; Entity Instance                           ; controladores_IO:controladosIO|altsyncram:registro_io_rtl_0 ;
;     -- OPERATION_MODE                     ; DUAL_PORT                                                   ;
;     -- WIDTH_A                            ; 8                                                           ;
;     -- NUMWORDS_A                         ; 64                                                          ;
;     -- OUTDATA_REG_A                      ; UNREGISTERED                                                ;
;     -- WIDTH_B                            ; 8                                                           ;
;     -- NUMWORDS_B                         ; 64                                                          ;
;     -- ADDRESS_REG_B                      ; CLOCK1                                                      ;
;     -- OUTDATA_REG_B                      ; UNREGISTERED                                                ;
;     -- RAM_BLOCK_TYPE                     ; AUTO                                                        ;
;     -- READ_DURING_WRITE_MODE_MIXED_PORTS ; DONT_CARE                                                   ;
+-------------------------------------------+-------------------------------------------------------------+


+--------------------------------------------------------------------------------------------------+
; lpm_mult Parameter Settings by Entity Instance                                                   ;
+---------------------------------------+----------------------------------------------------------+
; Name                                  ; Value                                                    ;
+---------------------------------------+----------------------------------------------------------+
; Number of entity instances            ; 2                                                        ;
; Entity Instance                       ; ProcesadorBase:proc0|datapath:d0|alu:alu0|lpm_mult:Mult0 ;
;     -- LPM_WIDTHA                     ; 16                                                       ;
;     -- LPM_WIDTHB                     ; 16                                                       ;
;     -- LPM_WIDTHP                     ; 32                                                       ;
;     -- LPM_REPRESENTATION             ; SIGNED                                                   ;
;     -- INPUT_A_IS_CONSTANT            ; NO                                                       ;
;     -- INPUT_B_IS_CONSTANT            ; NO                                                       ;
;     -- USE_EAB                        ; OFF                                                      ;
;     -- DEDICATED_MULTIPLIER_CIRCUITRY ; AUTO                                                     ;
;     -- INPUT_A_FIXED_VALUE            ; Bx                                                       ;
;     -- INPUT_B_FIXED_VALUE            ; Bx                                                       ;
; Entity Instance                       ; ProcesadorBase:proc0|datapath:d0|alu:alu0|lpm_mult:Mult1 ;
;     -- LPM_WIDTHA                     ; 16                                                       ;
;     -- LPM_WIDTHB                     ; 16                                                       ;
;     -- LPM_WIDTHP                     ; 32                                                       ;
;     -- LPM_REPRESENTATION             ; UNSIGNED                                                 ;
;     -- INPUT_A_IS_CONSTANT            ; NO                                                       ;
;     -- INPUT_B_IS_CONSTANT            ; NO                                                       ;
;     -- USE_EAB                        ; OFF                                                      ;
;     -- DEDICATED_MULTIPLIER_CIRCUITRY ; AUTO                                                     ;
;     -- INPUT_A_FIXED_VALUE            ; Bx                                                       ;
;     -- INPUT_B_FIXED_VALUE            ; Bx                                                       ;
+---------------------------------------+----------------------------------------------------------+


+-------------------------------+
; Elapsed Time Per Partition    ;
+----------------+--------------+
; Partition Name ; Elapsed Time ;
+----------------+--------------+
; Top            ; 00:00:02     ;
+----------------+--------------+


+-------------------------------+
; Analysis & Synthesis Messages ;
+-------------------------------+
Info: *******************************************************************
Info: Running Quartus II 64-Bit Analysis & Synthesis
    Info: Version 13.0.1 Build 232 06/12/2013 Service Pack 1 SJ Web Edition
    Info: Processing started: Wed Apr 12 12:58:20 2023
Info: Command: quartus_map --read_settings_files=on --write_settings_files=off proc -c ProcesadorBase
Info (11104): Parallel Compilation has detected 12 hyper-threaded processors. However, the extra hyper-threaded processors will not be used by default. Parallel Compilation will use 6 of the 6 physical processors detected instead.
Info (12021): Found 2 design units, including 1 entities, in source file ficheros/unidad_control.vhd
    Info (12022): Found design unit 1: unidad_control-Structure
    Info (12023): Found entity 1: unidad_control
Info (12021): Found 2 design units, including 1 entities, in source file ficheros/regfile.vhd
    Info (12022): Found design unit 1: regfile-Structure
    Info (12023): Found entity 1: regfile
Info (12021): Found 2 design units, including 1 entities, in source file ficheros/proc.vhd
    Info (12022): Found design unit 1: ProcesadorBase-Structure
    Info (12023): Found entity 1: ProcesadorBase
Info (12021): Found 2 design units, including 1 entities, in source file ficheros/multi.vhd
    Info (12022): Found design unit 1: multi-Structure
    Info (12023): Found entity 1: multi
Info (12021): Found 2 design units, including 1 entities, in source file ficheros/datapath.vhd
    Info (12022): Found design unit 1: datapath-Structure
    Info (12023): Found entity 1: datapath
Info (12021): Found 2 design units, including 1 entities, in source file ficheros/control_l.vhd
    Info (12022): Found design unit 1: control_l-Structure
    Info (12023): Found entity 1: control_l
Info (12021): Found 2 design units, including 1 entities, in source file ficheros/alu.vhd
    Info (12022): Found design unit 1: alu-Structure
    Info (12023): Found entity 1: alu
Info (12021): Found 2 design units, including 1 entities, in source file ficheros/memorycontroller.vhd
    Info (12022): Found design unit 1: MemoryController-comportament
    Info (12023): Found entity 1: MemoryController
Info (12021): Found 2 design units, including 1 entities, in source file ficheros/sisa.vhd
    Info (12022): Found design unit 1: sisa-Structure
    Info (12023): Found entity 1: sisa
Info (12021): Found 2 design units, including 1 entities, in source file ficheros/sramcontroller.vhd
    Info (12022): Found design unit 1: SRAMController-comportament
    Info (12023): Found entity 1: SRAMController
Info (12021): Found 2 design units, including 1 entities, in source file driversegmentos.vhd
    Info (12022): Found design unit 1: driverSegmentos-Structure
    Info (12023): Found entity 1: driverSegmentos
Info (12021): Found 2 design units, including 1 entities, in source file driver7segmentos.vhd
    Info (12022): Found design unit 1: driver7Segmentos-Structure
    Info (12023): Found entity 1: driver7Segmentos
Info (12021): Found 2 design units, including 0 entities, in source file ficheros/func_ayuda_control_pkg.vhd
    Info (12022): Found design unit 1: func_ayuda_control_pkg
    Info (12022): Found design unit 2: func_ayuda_control_pkg-body
Info (12021): Found 1 design units, including 0 entities, in source file ficheros/const_alu.vhd
    Info (12022): Found design unit 1: const_alu
Info (12021): Found 2 design units, including 1 entities, in source file controladores_io.vhd
    Info (12022): Found design unit 1: controladores_IO-Structure
    Info (12023): Found entity 1: controladores_IO
Info (12127): Elaborating entity "sisa" for the top level hierarchy
Info (12128): Elaborating entity "ProcesadorBase" for hierarchy "ProcesadorBase:proc0"
Info (12128): Elaborating entity "unidad_control" for hierarchy "ProcesadorBase:proc0|unidad_control:cu0"
Info (12128): Elaborating entity "control_l" for hierarchy "ProcesadorBase:proc0|unidad_control:cu0|control_l:clogic0"
Info (12128): Elaborating entity "multi" for hierarchy "ProcesadorBase:proc0|unidad_control:cu0|multi:ge"
Info (12128): Elaborating entity "datapath" for hierarchy "ProcesadorBase:proc0|datapath:d0"
Info (12128): Elaborating entity "alu" for hierarchy "ProcesadorBase:proc0|datapath:d0|alu:alu0"
Info (12128): Elaborating entity "regfile" for hierarchy "ProcesadorBase:proc0|datapath:d0|regfile:reg0"
Info (12128): Elaborating entity "MemoryController" for hierarchy "MemoryController:memory0"
Info (12128): Elaborating entity "SRAMController" for hierarchy "MemoryController:memory0|SRAMController:sram_controller"
Info (12128): Elaborating entity "controladores_IO" for hierarchy "controladores_IO:controladosIO"
Warning (10492): VHDL Process Statement warning at controladores_IO.vhd(30): signal "addr_io" is read inside the Process Statement but isn't in the Process Statement's sensitivity list
Info (12128): Elaborating entity "driverSegmentos" for hierarchy "driverSegmentos:Segments"
Info (12128): Elaborating entity "driver7Segmentos" for hierarchy "driverSegmentos:Segments|driver7Segmentos:h0"
Warning (276027): Inferred dual-clock RAM node "controladores_IO:controladosIO|registro_io_rtl_0" from synchronous design logic.  The read-during-write behavior of a dual-clock RAM is undefined and may not match the behavior of the original design.
Info (276014): Found 1 instances of uninferred RAM logic
    Info (276004): RAM logic "ProcesadorBase:proc0|datapath:d0|regfile:reg0|registro" is uninferred due to inappropriate RAM size
Info (19000): Inferred 1 megafunctions from design logic
    Info (276029): Inferred altsyncram megafunction from the following design logic: "controladores_IO:controladosIO|registro_io_rtl_0" 
        Info (286033): Parameter OPERATION_MODE set to DUAL_PORT
        Info (286033): Parameter WIDTH_A set to 8
        Info (286033): Parameter WIDTHAD_A set to 6
        Info (286033): Parameter NUMWORDS_A set to 64
        Info (286033): Parameter WIDTH_B set to 8
        Info (286033): Parameter WIDTHAD_B set to 6
        Info (286033): Parameter NUMWORDS_B set to 64
        Info (286033): Parameter ADDRESS_ACLR_A set to NONE
        Info (286033): Parameter OUTDATA_REG_B set to UNREGISTERED
        Info (286033): Parameter ADDRESS_ACLR_B set to NONE
        Info (286033): Parameter OUTDATA_ACLR_B set to NONE
        Info (286033): Parameter ADDRESS_REG_B set to CLOCK1
        Info (286033): Parameter INDATA_ACLR_A set to NONE
        Info (286033): Parameter WRCONTROL_ACLR_A set to NONE
Info (278001): Inferred 4 megafunctions from design logic
    Info (278003): Inferred multiplier megafunction ("lpm_mult") from the following logic: "ProcesadorBase:proc0|datapath:d0|alu:alu0|Mult0"
    Info (278004): Inferred divider/modulo megafunction ("lpm_divide") from the following logic: "ProcesadorBase:proc0|datapath:d0|alu:alu0|Div0"
    Info (278003): Inferred multiplier megafunction ("lpm_mult") from the following logic: "ProcesadorBase:proc0|datapath:d0|alu:alu0|Mult1"
    Info (278004): Inferred divider/modulo megafunction ("lpm_divide") from the following logic: "ProcesadorBase:proc0|datapath:d0|alu:alu0|Div1"
Info (12130): Elaborated megafunction instantiation "controladores_IO:controladosIO|altsyncram:registro_io_rtl_0"
Info (12133): Instantiated megafunction "controladores_IO:controladosIO|altsyncram:registro_io_rtl_0" with the following parameter:
    Info (12134): Parameter "OPERATION_MODE" = "DUAL_PORT"
    Info (12134): Parameter "WIDTH_A" = "8"
    Info (12134): Parameter "WIDTHAD_A" = "6"
    Info (12134): Parameter "NUMWORDS_A" = "64"
    Info (12134): Parameter "WIDTH_B" = "8"
    Info (12134): Parameter "WIDTHAD_B" = "6"
    Info (12134): Parameter "NUMWORDS_B" = "64"
    Info (12134): Parameter "ADDRESS_ACLR_A" = "NONE"
    Info (12134): Parameter "OUTDATA_REG_B" = "UNREGISTERED"
    Info (12134): Parameter "ADDRESS_ACLR_B" = "NONE"
    Info (12134): Parameter "OUTDATA_ACLR_B" = "NONE"
    Info (12134): Parameter "ADDRESS_REG_B" = "CLOCK1"
    Info (12134): Parameter "INDATA_ACLR_A" = "NONE"
    Info (12134): Parameter "WRCONTROL_ACLR_A" = "NONE"
Info (12021): Found 1 design units, including 1 entities, in source file db/altsyncram_koc1.tdf
    Info (12023): Found entity 1: altsyncram_koc1
Info (12130): Elaborated megafunction instantiation "ProcesadorBase:proc0|datapath:d0|alu:alu0|lpm_mult:Mult0"
Info (12133): Instantiated megafunction "ProcesadorBase:proc0|datapath:d0|alu:alu0|lpm_mult:Mult0" with the following parameter:
    Info (12134): Parameter "LPM_WIDTHA" = "16"
    Info (12134): Parameter "LPM_WIDTHB" = "16"
    Info (12134): Parameter "LPM_WIDTHP" = "32"
    Info (12134): Parameter "LPM_WIDTHR" = "32"
    Info (12134): Parameter "LPM_WIDTHS" = "1"
    Info (12134): Parameter "LPM_REPRESENTATION" = "SIGNED"
    Info (12134): Parameter "INPUT_A_IS_CONSTANT" = "NO"
    Info (12134): Parameter "INPUT_B_IS_CONSTANT" = "NO"
    Info (12134): Parameter "MAXIMIZE_SPEED" = "5"
Info (12021): Found 1 design units, including 1 entities, in source file db/mult_h1t.tdf
    Info (12023): Found entity 1: mult_h1t
Info (12130): Elaborated megafunction instantiation "ProcesadorBase:proc0|datapath:d0|alu:alu0|lpm_divide:Div0"
Info (12133): Instantiated megafunction "ProcesadorBase:proc0|datapath:d0|alu:alu0|lpm_divide:Div0" with the following parameter:
    Info (12134): Parameter "LPM_WIDTHN" = "16"
    Info (12134): Parameter "LPM_WIDTHD" = "16"
    Info (12134): Parameter "LPM_NREPRESENTATION" = "SIGNED"
    Info (12134): Parameter "LPM_DREPRESENTATION" = "SIGNED"
    Info (12134): Parameter "LPM_HINT" = "LPM_REMAINDERPOSITIVE=FALSE"
Info (12021): Found 1 design units, including 1 entities, in source file db/lpm_divide_rto.tdf
    Info (12023): Found entity 1: lpm_divide_rto
Info (12021): Found 1 design units, including 1 entities, in source file db/abs_divider_8dg.tdf
    Info (12023): Found entity 1: abs_divider_8dg
Info (12021): Found 1 design units, including 1 entities, in source file db/alt_u_div_s5f.tdf
    Info (12023): Found entity 1: alt_u_div_s5f
Info (12021): Found 1 design units, including 1 entities, in source file db/add_sub_lkc.tdf
    Info (12023): Found entity 1: add_sub_lkc
Info (12021): Found 1 design units, including 1 entities, in source file db/add_sub_mkc.tdf
    Info (12023): Found entity 1: add_sub_mkc
Info (12021): Found 1 design units, including 1 entities, in source file db/lpm_abs_2s9.tdf
    Info (12023): Found entity 1: lpm_abs_2s9
Info (12130): Elaborated megafunction instantiation "ProcesadorBase:proc0|datapath:d0|alu:alu0|lpm_mult:Mult1"
Info (12133): Instantiated megafunction "ProcesadorBase:proc0|datapath:d0|alu:alu0|lpm_mult:Mult1" with the following parameter:
    Info (12134): Parameter "LPM_WIDTHA" = "16"
    Info (12134): Parameter "LPM_WIDTHB" = "16"
    Info (12134): Parameter "LPM_WIDTHP" = "32"
    Info (12134): Parameter "LPM_WIDTHR" = "32"
    Info (12134): Parameter "LPM_WIDTHS" = "1"
    Info (12134): Parameter "LPM_REPRESENTATION" = "UNSIGNED"
    Info (12134): Parameter "INPUT_A_IS_CONSTANT" = "NO"
    Info (12134): Parameter "INPUT_B_IS_CONSTANT" = "NO"
    Info (12134): Parameter "MAXIMIZE_SPEED" = "6"
Info (12021): Found 1 design units, including 1 entities, in source file db/mult_l8t.tdf
    Info (12023): Found entity 1: mult_l8t
Info (12130): Elaborated megafunction instantiation "ProcesadorBase:proc0|datapath:d0|alu:alu0|lpm_divide:Div1"
Info (12133): Instantiated megafunction "ProcesadorBase:proc0|datapath:d0|alu:alu0|lpm_divide:Div1" with the following parameter:
    Info (12134): Parameter "LPM_WIDTHN" = "16"
    Info (12134): Parameter "LPM_WIDTHD" = "16"
    Info (12134): Parameter "LPM_NREPRESENTATION" = "UNSIGNED"
    Info (12134): Parameter "LPM_DREPRESENTATION" = "UNSIGNED"
Info (12021): Found 1 design units, including 1 entities, in source file db/lpm_divide_3gm.tdf
    Info (12023): Found entity 1: lpm_divide_3gm
Info (12021): Found 1 design units, including 1 entities, in source file db/sign_div_unsign_dnh.tdf
    Info (12023): Found entity 1: sign_div_unsign_dnh
Info (13014): Ignored 30 buffer(s)
    Info (13016): Ignored 30 CARRY_SUM buffer(s)
Warning (13024): Output pins are stuck at VCC or GND
    Warning (13410): Pin "SRAM_ADDR[15]" is stuck at GND
    Warning (13410): Pin "SRAM_ADDR[16]" is stuck at GND
    Warning (13410): Pin "SRAM_ADDR[17]" is stuck at GND
    Warning (13410): Pin "SRAM_CE_N" is stuck at GND
    Warning (13410): Pin "SRAM_OE_N" is stuck at GND
Info (17049): 1 registers lost all their fanouts during netlist optimizations.
Info (16010): Generating hard_block partition "hard_block:auto_generated_inst"
    Info (16011): Adding 0 node(s), including 0 DDIO, 0 PLL, 0 transceiver and 0 LCELL
Warning (21074): Design contains 1 input pin(s) that do not drive logic
    Warning (15610): No output dependent on input pin "SW[8]"
Info (21057): Implemented 2281 device resources after synthesis - the final resource count might be different
    Info (21058): Implemented 15 input pins
    Info (21059): Implemented 67 output pins
    Info (21060): Implemented 16 bidirectional pins
    Info (21061): Implemented 2171 logic cells
    Info (21064): Implemented 8 RAM segments
    Info (21062): Implemented 4 DSP elements
Info: Quartus II 64-Bit Analysis & Synthesis was successful. 0 errors, 10 warnings
    Info: Peak virtual memory: 4676 megabytes
    Info: Processing ended: Wed Apr 12 12:58:24 2023
    Info: Elapsed time: 00:00:04
    Info: Total CPU time (on all processors): 00:00:04


