Analysis & Elaboration report for ProcesadorBase
Fri May 26 12:32:18 2023
Quartus II 64-Bit Version 13.0.1 Build 232 06/12/2013 Service Pack 1 SJ Web Edition


---------------------
; Table of Contents ;
---------------------
  1. Legal Notice
  2. Analysis & Elaboration Summary
  3. Parallel Compilation
  4. Analysis & Elaboration Settings
  5. Analysis & Elaboration Messages



----------------
; Legal Notice ;
----------------
Copyright (C) 1991-2013 Altera Corporation
Your use of Altera Corporation's design tools, logic functions 
and other software and tools, and its AMPP partner logic 
functions, and any output files from any of the foregoing 
(including device programming or simulation files), and any 
associated documentation or information are expressly subject 
to the terms and conditions of the Altera Program License 
Subscription Agreement, Altera MegaCore Function License 
Agreement, or other applicable license agreement, including, 
without limitation, that your use is for the sole purpose of 
programming logic devices manufactured by Altera and sold by 
Altera or its authorized distributors.  Please refer to the 
applicable agreement for further details.



+--------------------------------------------------------------------------------------+
; Analysis & Elaboration Summary                                                       ;
+------------------------------------+-------------------------------------------------+
; Analysis & Elaboration Status      ; Failed - Fri May 26 12:32:18 2023               ;
; Quartus II 64-Bit Version          ; 13.0.1 Build 232 06/12/2013 SP 1 SJ Web Edition ;
; Revision Name                      ; ProcesadorBase                                  ;
; Top-level Entity Name              ; sisa                                            ;
; Family                             ; Cyclone II                                      ;
; Total logic elements               ; N/A until Partition Merge                       ;
;     Total combinational functions  ; N/A until Partition Merge                       ;
;     Dedicated logic registers      ; N/A until Partition Merge                       ;
; Total registers                    ; N/A until Partition Merge                       ;
; Total pins                         ; N/A until Partition Merge                       ;
; Total virtual pins                 ; N/A until Partition Merge                       ;
; Total memory bits                  ; N/A until Partition Merge                       ;
; Embedded Multiplier 9-bit elements ; N/A until Partition Merge                       ;
; Total PLLs                         ; N/A until Partition Merge                       ;
+------------------------------------+-------------------------------------------------+


Parallel compilation was disabled, but you have multiple processors available. Enable parallel compilation to reduce compilation time.
+-------------------------------------+
; Parallel Compilation                ;
+----------------------------+--------+
; Processors                 ; Number ;
+----------------------------+--------+
; Number detected on machine ; 8      ;
; Maximum allowed            ; 1      ;
+----------------------------+--------+


+----------------------------------------------------------------------------------------------------------------------+
; Analysis & Elaboration Settings                                                                                      ;
+----------------------------------------------------------------------------+--------------------+--------------------+
; Option                                                                     ; Setting            ; Default Value      ;
+----------------------------------------------------------------------------+--------------------+--------------------+
; Device                                                                     ; EP2C20F484C7       ;                    ;
; Top-level entity name                                                      ; sisa               ; ProcesadorBase     ;
; Family name                                                                ; Cyclone II         ; Cyclone IV GX      ;
; Use smart compilation                                                      ; Off                ; Off                ;
; Enable parallel Assembler and TimeQuest Timing Analyzer during compilation ; On                 ; On                 ;
; Enable compact report table                                                ; Off                ; Off                ;
; Restructure Multiplexers                                                   ; Auto               ; Auto               ;
; Create Debugging Nodes for IP Cores                                        ; Off                ; Off                ;
; Preserve fewer node names                                                  ; On                 ; On                 ;
; Disable OpenCore Plus hardware evaluation                                  ; Off                ; Off                ;
; Verilog Version                                                            ; Verilog_2001       ; Verilog_2001       ;
; VHDL Version                                                               ; VHDL_1993          ; VHDL_1993          ;
; State Machine Processing                                                   ; Auto               ; Auto               ;
; Safe State Machine                                                         ; Off                ; Off                ;
; Extract Verilog State Machines                                             ; On                 ; On                 ;
; Extract VHDL State Machines                                                ; On                 ; On                 ;
; Ignore Verilog initial constructs                                          ; Off                ; Off                ;
; Iteration limit for constant Verilog loops                                 ; 5000               ; 5000               ;
; Iteration limit for non-constant Verilog loops                             ; 250                ; 250                ;
; Add Pass-Through Logic to Inferred RAMs                                    ; On                 ; On                 ;
; Infer RAMs from Raw Logic                                                  ; On                 ; On                 ;
; Parallel Synthesis                                                         ; On                 ; On                 ;
; DSP Block Balancing                                                        ; Auto               ; Auto               ;
; NOT Gate Push-Back                                                         ; On                 ; On                 ;
; Power-Up Don't Care                                                        ; On                 ; On                 ;
; Remove Redundant Logic Cells                                               ; Off                ; Off                ;
; Remove Duplicate Registers                                                 ; On                 ; On                 ;
; Ignore CARRY Buffers                                                       ; Off                ; Off                ;
; Ignore CASCADE Buffers                                                     ; Off                ; Off                ;
; Ignore GLOBAL Buffers                                                      ; Off                ; Off                ;
; Ignore ROW GLOBAL Buffers                                                  ; Off                ; Off                ;
; Ignore LCELL Buffers                                                       ; Off                ; Off                ;
; Ignore SOFT Buffers                                                        ; On                 ; On                 ;
; Limit AHDL Integers to 32 Bits                                             ; Off                ; Off                ;
; Optimization Technique                                                     ; Balanced           ; Balanced           ;
; Carry Chain Length                                                         ; 70                 ; 70                 ;
; Auto Carry Chains                                                          ; On                 ; On                 ;
; Auto Open-Drain Pins                                                       ; On                 ; On                 ;
; Perform WYSIWYG Primitive Resynthesis                                      ; Off                ; Off                ;
; Auto ROM Replacement                                                       ; On                 ; On                 ;
; Auto RAM Replacement                                                       ; On                 ; On                 ;
; Auto Shift Register Replacement                                            ; Auto               ; Auto               ;
; Allow Shift Register Merging across Hierarchies                            ; Auto               ; Auto               ;
; Auto Clock Enable Replacement                                              ; On                 ; On                 ;
; Strict RAM Replacement                                                     ; Off                ; Off                ;
; Allow Synchronous Control Signals                                          ; On                 ; On                 ;
; Force Use of Synchronous Clear Signals                                     ; Off                ; Off                ;
; Auto RAM to Logic Cell Conversion                                          ; Off                ; Off                ;
; Auto Resource Sharing                                                      ; Off                ; Off                ;
; Allow Any RAM Size For Recognition                                         ; Off                ; Off                ;
; Allow Any ROM Size For Recognition                                         ; Off                ; Off                ;
; Allow Any Shift Register Size For Recognition                              ; Off                ; Off                ;
; Use LogicLock Constraints during Resource Balancing                        ; On                 ; On                 ;
; Ignore translate_off and synthesis_off directives                          ; Off                ; Off                ;
; Timing-Driven Synthesis                                                    ; Off                ; Off                ;
; Report Parameter Settings                                                  ; On                 ; On                 ;
; Report Source Assignments                                                  ; On                 ; On                 ;
; Report Connectivity Checks                                                 ; On                 ; On                 ;
; Ignore Maximum Fan-Out Assignments                                         ; Off                ; Off                ;
; Synchronization Register Chain Length                                      ; 2                  ; 2                  ;
; PowerPlay Power Optimization                                               ; Normal compilation ; Normal compilation ;
; HDL message level                                                          ; Level2             ; Level2             ;
; Suppress Register Optimization Related Messages                            ; Off                ; Off                ;
; Number of Removed Registers Reported in Synthesis Report                   ; 5000               ; 5000               ;
; Number of Swept Nodes Reported in Synthesis Report                         ; 5000               ; 5000               ;
; Number of Inverted Registers Reported in Synthesis Report                  ; 100                ; 100                ;
; Clock MUX Protection                                                       ; On                 ; On                 ;
; Auto Gated Clock Conversion                                                ; Off                ; Off                ;
; Block Design Naming                                                        ; Auto               ; Auto               ;
; SDC constraint protection                                                  ; Off                ; Off                ;
; Synthesis Effort                                                           ; Auto               ; Auto               ;
; Shift Register Replacement - Allow Asynchronous Clear Signal               ; On                 ; On                 ;
; Pre-Mapping Resynthesis Optimization                                       ; Off                ; Off                ;
; Analysis & Synthesis Message Level                                         ; Medium             ; Medium             ;
; Disable Register Merging Across Hierarchies                                ; Auto               ; Auto               ;
; Resource Aware Inference For Block RAM                                     ; On                 ; On                 ;
; Synthesis Seed                                                             ; 1                  ; 1                  ;
+----------------------------------------------------------------------------+--------------------+--------------------+


+---------------------------------+
; Analysis & Elaboration Messages ;
+---------------------------------+
Info: *******************************************************************
Info: Running Quartus II 64-Bit Analysis & Elaboration
    Info: Version 13.0.1 Build 232 06/12/2013 Service Pack 1 SJ Web Edition
    Info: Processing started: Fri May 26 12:32:15 2023
Info: Command: quartus_map --read_settings_files=on --write_settings_files=off proc -c ProcesadorBase --analysis_and_elaboration
Warning (20028): Parallel compilation is not licensed and has been disabled
Info (12021): Found 2 design units, including 1 entities, in source file ficheros/unidad_control.vhd
    Info (12022): Found design unit 1: unidad_control-Structure
    Info (12023): Found entity 1: unidad_control
Info (12021): Found 2 design units, including 1 entities, in source file ficheros/regfile.vhd
    Info (12022): Found design unit 1: regfile-Structure
    Info (12023): Found entity 1: regfile
Info (12021): Found 2 design units, including 1 entities, in source file ficheros/proc.vhd
    Info (12022): Found design unit 1: ProcesadorBase-Structure
    Info (12023): Found entity 1: ProcesadorBase
Info (12021): Found 2 design units, including 1 entities, in source file ficheros/multi.vhd
    Info (12022): Found design unit 1: multi-Structure
    Info (12023): Found entity 1: multi
Info (12021): Found 2 design units, including 1 entities, in source file ficheros/datapath.vhd
    Info (12022): Found design unit 1: datapath-Structure
    Info (12023): Found entity 1: datapath
Info (12021): Found 2 design units, including 1 entities, in source file ficheros/control_l.vhd
    Info (12022): Found design unit 1: control_l-Structure
    Info (12023): Found entity 1: control_l
Info (12021): Found 2 design units, including 1 entities, in source file ficheros/alu.vhd
    Info (12022): Found design unit 1: alu-Structure
    Info (12023): Found entity 1: alu
Info (12021): Found 2 design units, including 1 entities, in source file ficheros/memorycontroller.vhd
    Info (12022): Found design unit 1: MemoryController-comportament
    Info (12023): Found entity 1: MemoryController
Info (12021): Found 2 design units, including 1 entities, in source file ficheros/sisa.vhd
    Info (12022): Found design unit 1: sisa-Structure
    Info (12023): Found entity 1: sisa
Info (12021): Found 2 design units, including 1 entities, in source file ficheros/sramcontroller.vhd
    Info (12022): Found design unit 1: SRAMController-comportament
    Info (12023): Found entity 1: SRAMController
Info (12021): Found 2 design units, including 1 entities, in source file driversegmentos.vhd
    Info (12022): Found design unit 1: driverSegmentos-Structure
    Info (12023): Found entity 1: driverSegmentos
Info (12021): Found 2 design units, including 1 entities, in source file driver7segmentos.vhd
    Info (12022): Found design unit 1: driver7Segmentos-Structure
    Info (12023): Found entity 1: driver7Segmentos
Info (12021): Found 2 design units, including 0 entities, in source file ficheros/func_ayuda_control_pkg.vhd
    Info (12022): Found design unit 1: func_ayuda_control_pkg
    Info (12022): Found design unit 2: func_ayuda_control_pkg-body
Info (12021): Found 1 design units, including 0 entities, in source file ficheros/const_alu.vhd
    Info (12022): Found design unit 1: const_alu
Info (12021): Found 2 design units, including 1 entities, in source file controladores_io.vhd
    Info (12022): Found design unit 1: controladores_IO-Structure
    Info (12023): Found entity 1: controladores_IO
Info (12021): Found 2 design units, including 1 entities, in source file keyboard_controller.vhd
    Info (12022): Found design unit 1: keyboard_controller-Behavioral
    Info (12023): Found entity 1: keyboard_controller
Info (12021): Found 2 design units, including 1 entities, in source file ps2_keyboard.vhd
    Info (12022): Found design unit 1: ps2_keyboard_interface-trans
    Info (12023): Found entity 1: ps2_keyboard_interface
Info (12021): Found 2 design units, including 1 entities, in source file controlador_vga1/vga_controller.vhd
    Info (12022): Found design unit 1: vga_controller-vga_controller_rtl
    Info (12023): Found entity 1: vga_controller
Info (12021): Found 2 design units, including 1 entities, in source file controlador_vga1/vga_font_rom.vhd
    Info (12022): Found design unit 1: vga_font_rom-vga_font_rom_arch
    Info (12023): Found entity 1: vga_font_rom
Info (12021): Found 2 design units, including 1 entities, in source file controlador_vga1/vga_ram_dual.vhd
    Info (12022): Found design unit 1: vga_ram_dual-vga_ram_dual_arch
    Info (12023): Found entity 1: vga_ram_dual
Info (12021): Found 2 design units, including 1 entities, in source file controlador_vga1/vga_sync.vhd
    Info (12022): Found design unit 1: vga_sync-vga_sync_arch
    Info (12023): Found entity 1: vga_sync
Info (12021): Found 2 design units, including 1 entities, in source file ficheros/int_controller.vhd
    Info (12022): Found design unit 1: int_controller-Structure
    Info (12023): Found entity 1: int_controller
Info (12021): Found 2 design units, including 1 entities, in source file ficheros/controlador_interrupciones.vhd
    Info (12022): Found design unit 1: controlador_interrupciones-Structure
    Info (12023): Found entity 1: controlador_interrupciones
Info (12021): Found 2 design units, including 1 entities, in source file ficheros/timmer.vhd
    Info (12022): Found design unit 1: Timmer-Structure
    Info (12023): Found entity 1: timmer
Error (10349): VHDL Association List error at controladores_IO.vhd(218): formal "boot" does not exist File: //Mac/Home/Documents/UNIVERSIDAD/PEC/PEC-FIB/Procesador Base - Etapa 7.1/controladores_IO.vhd Line: 218
Error (10346): VHDL error at controladores_IO.vhd(215): formal port or parameter "inta" must have actual or default value File: //Mac/Home/Documents/UNIVERSIDAD/PEC/PEC-FIB/Procesador Base - Etapa 7.1/controladores_IO.vhd Line: 215
Error (10784): HDL error at controladores_IO.vhd(76): see declaration for object "inta" File: //Mac/Home/Documents/UNIVERSIDAD/PEC/PEC-FIB/Procesador Base - Etapa 7.1/controladores_IO.vhd Line: 76
Error: Quartus II 64-Bit Analysis & Elaboration was unsuccessful. 3 errors, 1 warning
    Error: Peak virtual memory: 13017 megabytes
    Error: Processing ended: Fri May 26 12:32:18 2023
    Error: Elapsed time: 00:00:03
    Error: Total CPU time (on all processors): 00:00:02


