Analysis & Synthesis report for ProcesadorBase
Tue Mar 21 23:58:18 2023
Quartus II 64-Bit Version 13.0.1 Build 232 06/12/2013 Service Pack 1 SJ Web Edition


---------------------
; Table of Contents ;
---------------------
  1. Legal Notice
  2. Analysis & Synthesis Summary
  3. Analysis & Synthesis Settings
  4. Parallel Compilation
  5. Analysis & Synthesis Source Files Read
  6. Analysis & Synthesis Resource Usage Summary
  7. Analysis & Synthesis Resource Utilization by Entity
  8. State Machine - |sisa|MemoryController:memory0|SRAMController:sram_controller|estat
  9. Registers Removed During Synthesis
 10. General Register Statistics
 11. Inverted Register Statistics
 12. Multiplexer Restructuring Statistics (Restructuring Performed)
 13. Port Connectivity Checks: "ProcesadorBase:proc0|unidad_control:cu0|control_l:clogic0"
 14. Elapsed Time Per Partition
 15. Analysis & Synthesis Messages



----------------
; Legal Notice ;
----------------
Copyright (C) 1991-2013 Altera Corporation
Your use of Altera Corporation's design tools, logic functions 
and other software and tools, and its AMPP partner logic 
functions, and any output files from any of the foregoing 
(including device programming or simulation files), and any 
associated documentation or information are expressly subject 
to the terms and conditions of the Altera Program License 
Subscription Agreement, Altera MegaCore Function License 
Agreement, or other applicable license agreement, including, 
without limitation, that your use is for the sole purpose of 
programming logic devices manufactured by Altera and sold by 
Altera or its authorized distributors.  Please refer to the 
applicable agreement for further details.



+--------------------------------------------------------------------------------------+
; Analysis & Synthesis Summary                                                         ;
+------------------------------------+-------------------------------------------------+
; Analysis & Synthesis Status        ; Successful - Tue Mar 21 23:58:18 2023           ;
; Quartus II 64-Bit Version          ; 13.0.1 Build 232 06/12/2013 SP 1 SJ Web Edition ;
; Revision Name                      ; ProcesadorBase                                  ;
; Top-level Entity Name              ; sisa                                            ;
; Family                             ; Cyclone II                                      ;
; Total logic elements               ; 485                                             ;
;     Total combinational functions  ; 373                                             ;
;     Dedicated logic registers      ; 167                                             ;
; Total registers                    ; 167                                             ;
; Total pins                         ; 69                                              ;
; Total virtual pins                 ; 0                                               ;
; Total memory bits                  ; 0                                               ;
; Embedded Multiplier 9-bit elements ; 0                                               ;
; Total PLLs                         ; 0                                               ;
+------------------------------------+-------------------------------------------------+


+----------------------------------------------------------------------------------------------------------------------+
; Analysis & Synthesis Settings                                                                                        ;
+----------------------------------------------------------------------------+--------------------+--------------------+
; Option                                                                     ; Setting            ; Default Value      ;
+----------------------------------------------------------------------------+--------------------+--------------------+
; Device                                                                     ; EP2C20F484C7       ;                    ;
; Top-level entity name                                                      ; sisa               ; ProcesadorBase     ;
; Family name                                                                ; Cyclone II         ; Cyclone IV GX      ;
; Use smart compilation                                                      ; Off                ; Off                ;
; Enable parallel Assembler and TimeQuest Timing Analyzer during compilation ; On                 ; On                 ;
; Enable compact report table                                                ; Off                ; Off                ;
; Restructure Multiplexers                                                   ; Auto               ; Auto               ;
; Create Debugging Nodes for IP Cores                                        ; Off                ; Off                ;
; Preserve fewer node names                                                  ; On                 ; On                 ;
; Disable OpenCore Plus hardware evaluation                                  ; Off                ; Off                ;
; Verilog Version                                                            ; Verilog_2001       ; Verilog_2001       ;
; VHDL Version                                                               ; VHDL_1993          ; VHDL_1993          ;
; State Machine Processing                                                   ; Auto               ; Auto               ;
; Safe State Machine                                                         ; Off                ; Off                ;
; Extract Verilog State Machines                                             ; On                 ; On                 ;
; Extract VHDL State Machines                                                ; On                 ; On                 ;
; Ignore Verilog initial constructs                                          ; Off                ; Off                ;
; Iteration limit for constant Verilog loops                                 ; 5000               ; 5000               ;
; Iteration limit for non-constant Verilog loops                             ; 250                ; 250                ;
; Add Pass-Through Logic to Inferred RAMs                                    ; On                 ; On                 ;
; Infer RAMs from Raw Logic                                                  ; On                 ; On                 ;
; Parallel Synthesis                                                         ; On                 ; On                 ;
; DSP Block Balancing                                                        ; Auto               ; Auto               ;
; NOT Gate Push-Back                                                         ; On                 ; On                 ;
; Power-Up Don't Care                                                        ; On                 ; On                 ;
; Remove Redundant Logic Cells                                               ; Off                ; Off                ;
; Remove Duplicate Registers                                                 ; On                 ; On                 ;
; Ignore CARRY Buffers                                                       ; Off                ; Off                ;
; Ignore CASCADE Buffers                                                     ; Off                ; Off                ;
; Ignore GLOBAL Buffers                                                      ; Off                ; Off                ;
; Ignore ROW GLOBAL Buffers                                                  ; Off                ; Off                ;
; Ignore LCELL Buffers                                                       ; Off                ; Off                ;
; Ignore SOFT Buffers                                                        ; On                 ; On                 ;
; Limit AHDL Integers to 32 Bits                                             ; Off                ; Off                ;
; Optimization Technique                                                     ; Balanced           ; Balanced           ;
; Carry Chain Length                                                         ; 70                 ; 70                 ;
; Auto Carry Chains                                                          ; On                 ; On                 ;
; Auto Open-Drain Pins                                                       ; On                 ; On                 ;
; Perform WYSIWYG Primitive Resynthesis                                      ; Off                ; Off                ;
; Auto ROM Replacement                                                       ; On                 ; On                 ;
; Auto RAM Replacement                                                       ; On                 ; On                 ;
; Auto Shift Register Replacement                                            ; Auto               ; Auto               ;
; Allow Shift Register Merging across Hierarchies                            ; Auto               ; Auto               ;
; Auto Clock Enable Replacement                                              ; On                 ; On                 ;
; Strict RAM Replacement                                                     ; Off                ; Off                ;
; Allow Synchronous Control Signals                                          ; On                 ; On                 ;
; Force Use of Synchronous Clear Signals                                     ; Off                ; Off                ;
; Auto RAM to Logic Cell Conversion                                          ; Off                ; Off                ;
; Auto Resource Sharing                                                      ; Off                ; Off                ;
; Allow Any RAM Size For Recognition                                         ; Off                ; Off                ;
; Allow Any ROM Size For Recognition                                         ; Off                ; Off                ;
; Allow Any Shift Register Size For Recognition                              ; Off                ; Off                ;
; Use LogicLock Constraints during Resource Balancing                        ; On                 ; On                 ;
; Ignore translate_off and synthesis_off directives                          ; Off                ; Off                ;
; Timing-Driven Synthesis                                                    ; Off                ; Off                ;
; Report Parameter Settings                                                  ; On                 ; On                 ;
; Report Source Assignments                                                  ; On                 ; On                 ;
; Report Connectivity Checks                                                 ; On                 ; On                 ;
; Ignore Maximum Fan-Out Assignments                                         ; Off                ; Off                ;
; Synchronization Register Chain Length                                      ; 2                  ; 2                  ;
; PowerPlay Power Optimization                                               ; Normal compilation ; Normal compilation ;
; HDL message level                                                          ; Level2             ; Level2             ;
; Suppress Register Optimization Related Messages                            ; Off                ; Off                ;
; Number of Removed Registers Reported in Synthesis Report                   ; 5000               ; 5000               ;
; Number of Swept Nodes Reported in Synthesis Report                         ; 5000               ; 5000               ;
; Number of Inverted Registers Reported in Synthesis Report                  ; 100                ; 100                ;
; Clock MUX Protection                                                       ; On                 ; On                 ;
; Auto Gated Clock Conversion                                                ; Off                ; Off                ;
; Block Design Naming                                                        ; Auto               ; Auto               ;
; SDC constraint protection                                                  ; Off                ; Off                ;
; Synthesis Effort                                                           ; Auto               ; Auto               ;
; Shift Register Replacement - Allow Asynchronous Clear Signal               ; On                 ; On                 ;
; Pre-Mapping Resynthesis Optimization                                       ; Off                ; Off                ;
; Analysis & Synthesis Message Level                                         ; Medium             ; Medium             ;
; Disable Register Merging Across Hierarchies                                ; Auto               ; Auto               ;
; Resource Aware Inference For Block RAM                                     ; On                 ; On                 ;
; Synthesis Seed                                                             ; 1                  ; 1                  ;
+----------------------------------------------------------------------------+--------------------+--------------------+


Parallel compilation was disabled, but you have multiple processors available. Enable parallel compilation to reduce compilation time.
+-------------------------------------+
; Parallel Compilation                ;
+----------------------------+--------+
; Processors                 ; Number ;
+----------------------------+--------+
; Number detected on machine ; 12     ;
; Maximum allowed            ; 1      ;
+----------------------------+--------+


+-------------------------------------------------------------------------------------------------------------------------------------------------------------------------+
; Analysis & Synthesis Source Files Read                                                                                                                                  ;
+----------------------------------+-----------------+-----------------+----------------------------------------------------------------------------------------+---------+
; File Name with User-Entered Path ; Used in Netlist ; File Type       ; File Name with Absolute Path                                                           ; Library ;
+----------------------------------+-----------------+-----------------+----------------------------------------------------------------------------------------+---------+
; ficheros/unidad_control.vhd      ; yes             ; User VHDL File  ; C:/Users/victo/Desktop/PEC-FIB/Procesador Base - Etapa 3/ficheros/unidad_control.vhd   ;         ;
; ficheros/regfile.vhd             ; yes             ; User VHDL File  ; C:/Users/victo/Desktop/PEC-FIB/Procesador Base - Etapa 3/ficheros/regfile.vhd          ;         ;
; ficheros/proc.vhd                ; yes             ; User VHDL File  ; C:/Users/victo/Desktop/PEC-FIB/Procesador Base - Etapa 3/ficheros/proc.vhd             ;         ;
; ficheros/multi.vhd               ; yes             ; User VHDL File  ; C:/Users/victo/Desktop/PEC-FIB/Procesador Base - Etapa 3/ficheros/multi.vhd            ;         ;
; ficheros/datapath.vhd            ; yes             ; User VHDL File  ; C:/Users/victo/Desktop/PEC-FIB/Procesador Base - Etapa 3/ficheros/datapath.vhd         ;         ;
; ficheros/control_l.vhd           ; yes             ; User VHDL File  ; C:/Users/victo/Desktop/PEC-FIB/Procesador Base - Etapa 3/ficheros/control_l.vhd        ;         ;
; ficheros/alu.vhd                 ; yes             ; User VHDL File  ; C:/Users/victo/Desktop/PEC-FIB/Procesador Base - Etapa 3/ficheros/alu.vhd              ;         ;
; ficheros/MemoryController.vhd    ; yes             ; User VHDL File  ; C:/Users/victo/Desktop/PEC-FIB/Procesador Base - Etapa 3/ficheros/MemoryController.vhd ;         ;
; ficheros/sisa.vhd                ; yes             ; User VHDL File  ; C:/Users/victo/Desktop/PEC-FIB/Procesador Base - Etapa 3/ficheros/sisa.vhd             ;         ;
; ficheros/SRAMController.vhd      ; yes             ; User VHDL File  ; C:/Users/victo/Desktop/PEC-FIB/Procesador Base - Etapa 3/ficheros/SRAMController.vhd   ;         ;
; driverSegmentos.vhd              ; yes             ; User VHDL File  ; C:/Users/victo/Desktop/PEC-FIB/Procesador Base - Etapa 3/driverSegmentos.vhd           ;         ;
; driver7Segmentos.vhd             ; yes             ; User VHDL File  ; C:/Users/victo/Desktop/PEC-FIB/Procesador Base - Etapa 3/driver7Segmentos.vhd          ;         ;
+----------------------------------+-----------------+-----------------+----------------------------------------------------------------------------------------+---------+


+----------------------------------------------------------------+
; Analysis & Synthesis Resource Usage Summary                    ;
+---------------------------------------------+------------------+
; Resource                                    ; Usage            ;
+---------------------------------------------+------------------+
; Estimated Total logic elements              ; 485              ;
;                                             ;                  ;
; Total combinational functions               ; 373              ;
; Logic element usage by number of LUT inputs ;                  ;
;     -- 4 input functions                    ; 265              ;
;     -- 3 input functions                    ; 79               ;
;     -- <=2 input functions                  ; 29               ;
;                                             ;                  ;
; Logic elements by mode                      ;                  ;
;     -- normal mode                          ; 344              ;
;     -- arithmetic mode                      ; 29               ;
;                                             ;                  ;
; Total registers                             ; 167              ;
;     -- Dedicated logic registers            ; 167              ;
;     -- I/O registers                        ; 0                ;
;                                             ;                  ;
; I/O pins                                    ; 69               ;
; Embedded Multiplier 9-bit elements          ; 0                ;
; Maximum fan-out node                        ; counter_clock[2] ;
; Maximum fan-out                             ; 161              ;
; Total fan-out                               ; 1950             ;
; Average fan-out                             ; 3.20             ;
+---------------------------------------------+------------------+


+-------------------------------------------------------------------------------------------------------------------------------------------------------------------------------------------------------------------------------------+
; Analysis & Synthesis Resource Utilization by Entity                                                                                                                                                                                 ;
+----------------------------------------+-------------------+--------------+-------------+--------------+---------+-----------+------+--------------+-----------------------------------------------------------------+--------------+
; Compilation Hierarchy Node             ; LC Combinationals ; LC Registers ; Memory Bits ; DSP Elements ; DSP 9x9 ; DSP 18x18 ; Pins ; Virtual Pins ; Full Hierarchy Name                                             ; Library Name ;
+----------------------------------------+-------------------+--------------+-------------+--------------+---------+-----------+------+--------------+-----------------------------------------------------------------+--------------+
; |sisa                                  ; 373 (4)           ; 167 (3)      ; 0           ; 0            ; 0       ; 0         ; 69   ; 0            ; |sisa                                                           ; work         ;
;    |MemoryController:memory0|          ; 27 (0)            ; 4 (0)        ; 0           ; 0            ; 0       ; 0         ; 0    ; 0            ; |sisa|MemoryController:memory0                                  ; work         ;
;       |SRAMController:sram_controller| ; 27 (27)           ; 4 (4)        ; 0           ; 0            ; 0       ; 0         ; 0    ; 0            ; |sisa|MemoryController:memory0|SRAMController:sram_controller   ; work         ;
;    |ProcesadorBase:proc0|              ; 314 (0)           ; 160 (0)      ; 0           ; 0            ; 0       ; 0         ; 0    ; 0            ; |sisa|ProcesadorBase:proc0                                      ; work         ;
;       |datapath:d0|                    ; 258 (51)          ; 128 (0)      ; 0           ; 0            ; 0       ; 0         ; 0    ; 0            ; |sisa|ProcesadorBase:proc0|datapath:d0                          ; work         ;
;          |alu:alu0|                    ; 43 (43)           ; 0 (0)        ; 0           ; 0            ; 0       ; 0         ; 0    ; 0            ; |sisa|ProcesadorBase:proc0|datapath:d0|alu:alu0                 ; work         ;
;          |regfile:reg0|                ; 164 (164)         ; 128 (128)    ; 0           ; 0            ; 0       ; 0         ; 0    ; 0            ; |sisa|ProcesadorBase:proc0|datapath:d0|regfile:reg0             ; work         ;
;       |unidad_control:cu0|             ; 56 (43)           ; 32 (31)      ; 0           ; 0            ; 0       ; 0         ; 0    ; 0            ; |sisa|ProcesadorBase:proc0|unidad_control:cu0                   ; work         ;
;          |control_l:clogic0|           ; 11 (11)           ; 0 (0)        ; 0           ; 0            ; 0       ; 0         ; 0    ; 0            ; |sisa|ProcesadorBase:proc0|unidad_control:cu0|control_l:clogic0 ; work         ;
;          |multi:ge|                    ; 2 (2)             ; 1 (1)        ; 0           ; 0            ; 0       ; 0         ; 0    ; 0            ; |sisa|ProcesadorBase:proc0|unidad_control:cu0|multi:ge          ; work         ;
;    |driverSegmentos:Segments|          ; 28 (0)            ; 0 (0)        ; 0           ; 0            ; 0       ; 0         ; 0    ; 0            ; |sisa|driverSegmentos:Segments                                  ; work         ;
;       |driver7Segmentos:h0|            ; 7 (7)             ; 0 (0)        ; 0           ; 0            ; 0       ; 0         ; 0    ; 0            ; |sisa|driverSegmentos:Segments|driver7Segmentos:h0              ; work         ;
;       |driver7Segmentos:h1|            ; 7 (7)             ; 0 (0)        ; 0           ; 0            ; 0       ; 0         ; 0    ; 0            ; |sisa|driverSegmentos:Segments|driver7Segmentos:h1              ; work         ;
;       |driver7Segmentos:h2|            ; 7 (7)             ; 0 (0)        ; 0           ; 0            ; 0       ; 0         ; 0    ; 0            ; |sisa|driverSegmentos:Segments|driver7Segmentos:h2              ; work         ;
;       |driver7Segmentos:h3|            ; 7 (7)             ; 0 (0)        ; 0           ; 0            ; 0       ; 0         ; 0    ; 0            ; |sisa|driverSegmentos:Segments|driver7Segmentos:h3              ; work         ;
+----------------------------------------+-------------------+--------------+-------------+--------------+---------+-----------+------+--------------+-----------------------------------------------------------------+--------------+
Note: For table entries with two numbers listed, the numbers in parentheses indicate the number of resources of the given type used by the specific entity alone. The numbers listed outside of parentheses indicate the total resources of the given type used by the specific entity and all of its sub-entities in the hierarchy.


Encoding Type:  One-Hot
+-------------------------------------------------------------------------------------+
; State Machine - |sisa|MemoryController:memory0|SRAMController:sram_controller|estat ;
+---------------+---------------+---------------+-------------------------------------+
; Name          ; estat.WAITING ; estat.NOTHING ; estat.WRITING                       ;
+---------------+---------------+---------------+-------------------------------------+
; estat.WRITING ; 0             ; 0             ; 0                                   ;
; estat.NOTHING ; 0             ; 1             ; 1                                   ;
; estat.WAITING ; 1             ; 0             ; 1                                   ;
+---------------+---------------+---------------+-------------------------------------+


+--------------------------------------------------------------------------------------------+
; Registers Removed During Synthesis                                                         ;
+---------------------------------------------------+----------------------------------------+
; Register name                                     ; Reason for Removal                     ;
+---------------------------------------------------+----------------------------------------+
; ProcesadorBase:proc0|unidad_control:cu0|new_pc[0] ; Stuck at GND due to stuck port data_in ;
; Total Number of Removed Registers = 1             ;                                        ;
+---------------------------------------------------+----------------------------------------+


+------------------------------------------------------+
; General Register Statistics                          ;
+----------------------------------------------+-------+
; Statistic                                    ; Value ;
+----------------------------------------------+-------+
; Total registers                              ; 167   ;
; Number of registers using Synchronous Clear  ; 0     ;
; Number of registers using Synchronous Load   ; 15    ;
; Number of registers using Asynchronous Clear ; 1     ;
; Number of registers using Asynchronous Load  ; 0     ;
; Number of registers using Clock Enable       ; 159   ;
; Number of registers using Preset             ; 0     ;
+----------------------------------------------+-------+


+-----------------------------------------------------------------------------+
; Inverted Register Statistics                                                ;
+-------------------------------------------------------------------+---------+
; Inverted Register                                                 ; Fan out ;
+-------------------------------------------------------------------+---------+
; MemoryController:memory0|SRAMController:sram_controller|SRAM_WE_N ; 1       ;
; Total number of inverted registers = 1                            ;         ;
+-------------------------------------------------------------------+---------+


+-------------------------------------------------------------------------------------------------------------------------------------------------------------------------------------------+
; Multiplexer Restructuring Statistics (Restructuring Performed)                                                                                                                            ;
+--------------------+-----------+---------------+----------------------+------------------------+------------+-----------------------------------------------------------------------------+
; Multiplexer Inputs ; Bus Width ; Baseline Area ; Area if Restructured ; Saving if Restructured ; Registered ; Example Multiplexer Output                                                  ;
+--------------------+-----------+---------------+----------------------+------------------------+------------+-----------------------------------------------------------------------------+
; 3:1                ; 16 bits   ; 32 LEs        ; 16 LEs               ; 16 LEs                 ; Yes        ; |sisa|ProcesadorBase:proc0|unidad_control:cu0|ir_actual[13]                 ;
; 3:1                ; 15 bits   ; 30 LEs        ; 15 LEs               ; 15 LEs                 ; Yes        ; |sisa|ProcesadorBase:proc0|unidad_control:cu0|new_pc[14]                    ;
; 4:1                ; 16 bits   ; 32 LEs        ; 32 LEs               ; 0 LEs                  ; No         ; |sisa|ProcesadorBase:proc0|datapath:d0|alu:alu0|Mux3                        ;
; 3:1                ; 7 bits    ; 14 LEs        ; 0 LEs                ; 14 LEs                 ; No         ; |sisa|ProcesadorBase:proc0|datapath:d0|TOy[7]                               ;
; 3:1                ; 7 bits    ; 14 LEs        ; 7 LEs                ; 7 LEs                  ; No         ; |sisa|MemoryController:memory0|SRAMController:sram_controller|dataReaded[0] ;
+--------------------+-----------+---------------+----------------------+------------------------+------------+-----------------------------------------------------------------------------+


+----------------------------------------------------------------------------------------------------------------+
; Port Connectivity Checks: "ProcesadorBase:proc0|unidad_control:cu0|control_l:clogic0"                          ;
+------+--------+----------+-------------------------------------------------------------------------------------+
; Port ; Type   ; Severity ; Details                                                                             ;
+------+--------+----------+-------------------------------------------------------------------------------------+
; rb_n ; Output ; Info     ; Connected to dangling logic. Logic that only feeds a dangling port will be removed. ;
+------+--------+----------+-------------------------------------------------------------------------------------+


+-------------------------------+
; Elapsed Time Per Partition    ;
+----------------+--------------+
; Partition Name ; Elapsed Time ;
+----------------+--------------+
; Top            ; 00:00:00     ;
+----------------+--------------+


+-------------------------------+
; Analysis & Synthesis Messages ;
+-------------------------------+
Info: *******************************************************************
Info: Running Quartus II 64-Bit Analysis & Synthesis
    Info: Version 13.0.1 Build 232 06/12/2013 Service Pack 1 SJ Web Edition
    Info: Processing started: Tue Mar 21 23:58:16 2023
Info: Command: quartus_map --read_settings_files=on --write_settings_files=off proc -c ProcesadorBase
Warning (20028): Parallel compilation is not licensed and has been disabled
Info (12021): Found 2 design units, including 1 entities, in source file ficheros/unidad_control.vhd
    Info (12022): Found design unit 1: unidad_control-Structure
    Info (12023): Found entity 1: unidad_control
Info (12021): Found 2 design units, including 1 entities, in source file ficheros/regfile.vhd
    Info (12022): Found design unit 1: regfile-Structure
    Info (12023): Found entity 1: regfile
Info (12021): Found 2 design units, including 1 entities, in source file ficheros/proc.vhd
    Info (12022): Found design unit 1: ProcesadorBase-Structure
    Info (12023): Found entity 1: ProcesadorBase
Info (12021): Found 2 design units, including 1 entities, in source file ficheros/multi.vhd
    Info (12022): Found design unit 1: multi-Structure
    Info (12023): Found entity 1: multi
Info (12021): Found 2 design units, including 1 entities, in source file ficheros/datapath.vhd
    Info (12022): Found design unit 1: datapath-Structure
    Info (12023): Found entity 1: datapath
Info (12021): Found 2 design units, including 1 entities, in source file ficheros/control_l.vhd
    Info (12022): Found design unit 1: control_l-Structure
    Info (12023): Found entity 1: control_l
Info (12021): Found 2 design units, including 1 entities, in source file ficheros/alu.vhd
    Info (12022): Found design unit 1: alu-Structure
    Info (12023): Found entity 1: alu
Info (12021): Found 2 design units, including 1 entities, in source file ficheros/memorycontroller.vhd
    Info (12022): Found design unit 1: MemoryController-comportament
    Info (12023): Found entity 1: MemoryController
Info (12021): Found 2 design units, including 1 entities, in source file ficheros/sisa.vhd
    Info (12022): Found design unit 1: sisa-Structure
    Info (12023): Found entity 1: sisa
Info (12021): Found 2 design units, including 1 entities, in source file ficheros/sramcontroller.vhd
    Info (12022): Found design unit 1: SRAMController-comportament
    Info (12023): Found entity 1: SRAMController
Info (12021): Found 2 design units, including 1 entities, in source file driversegmentos.vhd
    Info (12022): Found design unit 1: driverSegmentos-Structure
    Info (12023): Found entity 1: driverSegmentos
Info (12021): Found 2 design units, including 1 entities, in source file driver7segmentos.vhd
    Info (12022): Found design unit 1: driver7Segmentos-Structure
    Info (12023): Found entity 1: driver7Segmentos
Info (12127): Elaborating entity "sisa" for the top level hierarchy
Info (12128): Elaborating entity "ProcesadorBase" for hierarchy "ProcesadorBase:proc0"
Info (12128): Elaborating entity "unidad_control" for hierarchy "ProcesadorBase:proc0|unidad_control:cu0"
Warning (10541): VHDL Signal Declaration warning at unidad_control.vhd(22): used implicit default value for signal "Rb_N" because signal was never assigned a value or an explicit default value. Use of implicit default value may introduce unintended design optimizations.
Info (12128): Elaborating entity "control_l" for hierarchy "ProcesadorBase:proc0|unidad_control:cu0|control_l:clogic0"
Warning (10541): VHDL Signal Declaration warning at control_l.vhd(18): used implicit default value for signal "Rb_N" because signal was never assigned a value or an explicit default value. Use of implicit default value may introduce unintended design optimizations.
Info (12128): Elaborating entity "multi" for hierarchy "ProcesadorBase:proc0|unidad_control:cu0|multi:ge"
Info (12128): Elaborating entity "datapath" for hierarchy "ProcesadorBase:proc0|datapath:d0"
Info (12128): Elaborating entity "alu" for hierarchy "ProcesadorBase:proc0|datapath:d0|alu:alu0"
Info (12128): Elaborating entity "regfile" for hierarchy "ProcesadorBase:proc0|datapath:d0|regfile:reg0"
Info (12128): Elaborating entity "MemoryController" for hierarchy "MemoryController:memory0"
Info (12128): Elaborating entity "SRAMController" for hierarchy "MemoryController:memory0|SRAMController:sram_controller"
Info (12128): Elaborating entity "driverSegmentos" for hierarchy "driverSegmentos:Segments"
Info (12128): Elaborating entity "driver7Segmentos" for hierarchy "driverSegmentos:Segments|driver7Segmentos:h0"
Info (276014): Found 1 instances of uninferred RAM logic
    Info (276004): RAM logic "ProcesadorBase:proc0|datapath:d0|regfile:reg0|registro" is uninferred due to inappropriate RAM size
Warning (13024): Output pins are stuck at VCC or GND
    Warning (13410): Pin "SRAM_ADDR[15]" is stuck at GND
    Warning (13410): Pin "SRAM_ADDR[16]" is stuck at GND
    Warning (13410): Pin "SRAM_ADDR[17]" is stuck at GND
    Warning (13410): Pin "SRAM_CE_N" is stuck at GND
    Warning (13410): Pin "SRAM_OE_N" is stuck at GND
Info (16010): Generating hard_block partition "hard_block:auto_generated_inst"
    Info (16011): Adding 0 node(s), including 0 DDIO, 0 PLL, 0 transceiver and 0 LCELL
Info (21057): Implemented 570 device resources after synthesis - the final resource count might be different
    Info (21058): Implemented 2 input pins
    Info (21059): Implemented 51 output pins
    Info (21060): Implemented 16 bidirectional pins
    Info (21061): Implemented 501 logic cells
Info: Quartus II 64-Bit Analysis & Synthesis was successful. 0 errors, 9 warnings
    Info: Peak virtual memory: 4650 megabytes
    Info: Processing ended: Tue Mar 21 23:58:18 2023
    Info: Elapsed time: 00:00:02
    Info: Total CPU time (on all processors): 00:00:01


