Analysis & Elaboration report for ProcesadorBase
Wed May 31 18:28:17 2023
Quartus II 64-Bit Version 13.0.1 Build 232 06/12/2013 Service Pack 1 SJ Web Edition


---------------------
; Table of Contents ;
---------------------
  1. Legal Notice
  2. Analysis & Elaboration Summary
  3. Parallel Compilation
  4. Parameter Settings for User Entity Instance: controladores_IO:controladosIO|int_controller:int_pulsadores
  5. Parameter Settings for User Entity Instance: controladores_IO:controladosIO|int_controller:int_interruptores
  6. Parameter Settings for User Entity Instance: controladores_IO:controladosIO|timmer:int_timmer
  7. Parameter Settings for User Entity Instance: controladores_IO:controladosIO|keyboard_controller:controladorKeyboard|ps2_keyboard_interface:k0
  8. Parameter Settings for Inferred Entity Instance: sld_signaltap:auto_signaltap_0
  9. Analysis & Elaboration Settings
 10. Port Connectivity Checks: "vga_controller:video_controller|vga_sync:u_vga_sync"
 11. Port Connectivity Checks: "vga_controller:video_controller"
 12. Port Connectivity Checks: "controladores_IO:controladosIO|keyboard_controller:controladorKeyboard|ps2_keyboard_interface:k0"
 13. Analysis & Elaboration Messages



----------------
; Legal Notice ;
----------------
Copyright (C) 1991-2013 Altera Corporation
Your use of Altera Corporation's design tools, logic functions 
and other software and tools, and its AMPP partner logic 
functions, and any output files from any of the foregoing 
(including device programming or simulation files), and any 
associated documentation or information are expressly subject 
to the terms and conditions of the Altera Program License 
Subscription Agreement, Altera MegaCore Function License 
Agreement, or other applicable license agreement, including, 
without limitation, that your use is for the sole purpose of 
programming logic devices manufactured by Altera and sold by 
Altera or its authorized distributors.  Please refer to the 
applicable agreement for further details.



+--------------------------------------------------------------------------------------+
; Analysis & Elaboration Summary                                                       ;
+------------------------------------+-------------------------------------------------+
; Analysis & Elaboration Status      ; Failed - Wed May 31 18:28:17 2023               ;
; Quartus II 64-Bit Version          ; 13.0.1 Build 232 06/12/2013 SP 1 SJ Web Edition ;
; Revision Name                      ; ProcesadorBase                                  ;
; Top-level Entity Name              ; sisa                                            ;
; Family                             ; Cyclone II                                      ;
; Total logic elements               ; N/A until Partition Merge                       ;
;     Total combinational functions  ; N/A until Partition Merge                       ;
;     Dedicated logic registers      ; N/A until Partition Merge                       ;
; Total registers                    ; N/A until Partition Merge                       ;
; Total pins                         ; N/A until Partition Merge                       ;
; Total virtual pins                 ; N/A until Partition Merge                       ;
; Total memory bits                  ; N/A until Partition Merge                       ;
; Embedded Multiplier 9-bit elements ; N/A until Partition Merge                       ;
; Total PLLs                         ; N/A until Partition Merge                       ;
+------------------------------------+-------------------------------------------------+


Parallel compilation was disabled, but you have multiple processors available. Enable parallel compilation to reduce compilation time.
+-------------------------------------+
; Parallel Compilation                ;
+----------------------------+--------+
; Processors                 ; Number ;
+----------------------------+--------+
; Number detected on machine ; 8      ;
; Maximum allowed            ; 1      ;
+----------------------------+--------+


+-----------------------------------------------------------------------------------------------------------+
; Parameter Settings for User Entity Instance: controladores_IO:controladosIO|int_controller:int_pulsadores ;
+----------------+-------+----------------------------------------------------------------------------------+
; Parameter Name ; Value ; Type                                                                             ;
+----------------+-------+----------------------------------------------------------------------------------+
; in_vec_size    ; 4     ; Signed Integer                                                                   ;
+----------------+-------+----------------------------------------------------------------------------------+
Note: In order to hide this table in the UI and the text report file, please set the "Show Parameter Settings in Synthesis Report" option in "Analysis and Synthesis Settings -> More Settings" to "Off".


+--------------------------------------------------------------------------------------------------------------+
; Parameter Settings for User Entity Instance: controladores_IO:controladosIO|int_controller:int_interruptores ;
+----------------+-------+-------------------------------------------------------------------------------------+
; Parameter Name ; Value ; Type                                                                                ;
+----------------+-------+-------------------------------------------------------------------------------------+
; in_vec_size    ; 8     ; Signed Integer                                                                      ;
+----------------+-------+-------------------------------------------------------------------------------------+
Note: In order to hide this table in the UI and the text report file, please set the "Show Parameter Settings in Synthesis Report" option in "Analysis and Synthesis Settings -> More Settings" to "Off".


+-----------------------------------------------------------------------------------------------+
; Parameter Settings for User Entity Instance: controladores_IO:controladosIO|timmer:int_timmer ;
+----------------+---------+--------------------------------------------------------------------+
; Parameter Name ; Value   ; Type                                                               ;
+----------------+---------+--------------------------------------------------------------------+
; numero_inicial ; 1250000 ; Signed Integer                                                     ;
+----------------+---------+--------------------------------------------------------------------+
Note: In order to hide this table in the UI and the text report file, please set the "Show Parameter Settings in Synthesis Report" option in "Analysis and Synthesis Settings -> More Settings" to "Off".


+-----------------------------------------------------------------------------------------------------------------------------------------------+
; Parameter Settings for User Entity Instance: controladores_IO:controladosIO|keyboard_controller:controladorKeyboard|ps2_keyboard_interface:k0 ;
+-----------------------+-------+---------------------------------------------------------------------------------------------------------------+
; Parameter Name        ; Value ; Type                                                                                                          ;
+-----------------------+-------+---------------------------------------------------------------------------------------------------------------+
; TIMER_60USEC_VALUE_PP ; 2950  ; Signed Integer                                                                                                ;
; TIMER_60USEC_BITS_PP  ; 12    ; Signed Integer                                                                                                ;
; TIMER_5USEC_VALUE_PP  ; 186   ; Signed Integer                                                                                                ;
; TIMER_5USEC_BITS_PP   ; 8     ; Signed Integer                                                                                                ;
; TRAP_SHIFT_KEYS_PP    ; 0     ; Signed Integer                                                                                                ;
+-----------------------+-------+---------------------------------------------------------------------------------------------------------------+
Note: In order to hide this table in the UI and the text report file, please set the "Show Parameter Settings in Synthesis Report" option in "Analysis and Synthesis Settings -> More Settings" to "Off".


+-----------------------------------------------------------------------------------------------------------------------------------------------------------------------------------------------------------------------------------------------------------------------------------------------------------------------------------------------------------------------------------------------------------------------------------------------------------------------------------------------------------------------------------------------------------------+
; Parameter Settings for Inferred Entity Instance: sld_signaltap:auto_signaltap_0                                                                                                                                                                                                                                                                                                                                                                                                                                                                                 ;
+-------------------------------------------------+----------------------------------------------------------------------------------------------------------------------------------------------------------------------------------------------------------------------------------------------------------------------------------------------------------------------------------------------------------------------------------------------------------------------------------------------------------------------------------------------+----------------+
; Parameter Name                                  ; Value                                                                                                                                                                                                                                                                                                                                                                                                                                                                                        ; Type           ;
+-------------------------------------------------+----------------------------------------------------------------------------------------------------------------------------------------------------------------------------------------------------------------------------------------------------------------------------------------------------------------------------------------------------------------------------------------------------------------------------------------------------------------------------------------------+----------------+
; lpm_type                                        ; sld_signaltap                                                                                                                                                                                                                                                                                                                                                                                                                                                                                ; String         ;
; sld_node_info                                   ; 805334528                                                                                                                                                                                                                                                                                                                                                                                                                                                                                    ; Untyped        ;
; SLD_IP_VERSION                                  ; 6                                                                                                                                                                                                                                                                                                                                                                                                                                                                                            ; Signed Integer ;
; SLD_IP_MINOR_VERSION                            ; 0                                                                                                                                                                                                                                                                                                                                                                                                                                                                                            ; Signed Integer ;
; SLD_COMMON_IP_VERSION                           ; 0                                                                                                                                                                                                                                                                                                                                                                                                                                                                                            ; Signed Integer ;
; sld_data_bits                                   ; 151                                                                                                                                                                                                                                                                                                                                                                                                                                                                                          ; Untyped        ;
; sld_trigger_bits                                ; 151                                                                                                                                                                                                                                                                                                                                                                                                                                                                                          ; Untyped        ;
; SLD_NODE_CRC_BITS                               ; 32                                                                                                                                                                                                                                                                                                                                                                                                                                                                                           ; Signed Integer ;
; sld_node_crc_hiword                             ; 62820                                                                                                                                                                                                                                                                                                                                                                                                                                                                                        ; Untyped        ;
; sld_node_crc_loword                             ; 5910                                                                                                                                                                                                                                                                                                                                                                                                                                                                                         ; Untyped        ;
; SLD_INCREMENTAL_ROUTING                         ; 0                                                                                                                                                                                                                                                                                                                                                                                                                                                                                            ; Signed Integer ;
; sld_sample_depth                                ; 512                                                                                                                                                                                                                                                                                                                                                                                                                                                                                          ; Untyped        ;
; sld_segment_size                                ; 512                                                                                                                                                                                                                                                                                                                                                                                                                                                                                          ; Untyped        ;
; SLD_RAM_BLOCK_TYPE                              ; AUTO                                                                                                                                                                                                                                                                                                                                                                                                                                                                                         ; String         ;
; sld_state_bits                                  ; 11                                                                                                                                                                                                                                                                                                                                                                                                                                                                                           ; Untyped        ;
; sld_buffer_full_stop                            ; 1                                                                                                                                                                                                                                                                                                                                                                                                                                                                                            ; Untyped        ;
; SLD_MEM_ADDRESS_BITS                            ; 7                                                                                                                                                                                                                                                                                                                                                                                                                                                                                            ; Signed Integer ;
; SLD_DATA_BIT_CNTR_BITS                          ; 4                                                                                                                                                                                                                                                                                                                                                                                                                                                                                            ; Signed Integer ;
; sld_trigger_level                               ; 1                                                                                                                                                                                                                                                                                                                                                                                                                                                                                            ; Untyped        ;
; sld_trigger_in_enabled                          ; 0                                                                                                                                                                                                                                                                                                                                                                                                                                                                                            ; Untyped        ;
; SLD_HPS_TRIGGER_IN_ENABLED                      ; 0                                                                                                                                                                                                                                                                                                                                                                                                                                                                                            ; Signed Integer ;
; SLD_HPS_TRIGGER_OUT_ENABLED                     ; 0                                                                                                                                                                                                                                                                                                                                                                                                                                                                                            ; Signed Integer ;
; SLD_HPS_EVENT_ENABLED                           ; 0                                                                                                                                                                                                                                                                                                                                                                                                                                                                                            ; Signed Integer ;
; SLD_HPS_EVENT_ID                                ; 0                                                                                                                                                                                                                                                                                                                                                                                                                                                                                            ; Signed Integer ;
; sld_advanced_trigger_entity                     ; basic,1,                                                                                                                                                                                                                                                                                                                                                                                                                                                                                     ; Untyped        ;
; sld_trigger_level_pipeline                      ; 1                                                                                                                                                                                                                                                                                                                                                                                                                                                                                            ; Untyped        ;
; sld_enable_advanced_trigger                     ; 0                                                                                                                                                                                                                                                                                                                                                                                                                                                                                            ; Untyped        ;
; SLD_ADVANCED_TRIGGER_1                          ; NONE                                                                                                                                                                                                                                                                                                                                                                                                                                                                                         ; String         ;
; SLD_ADVANCED_TRIGGER_2                          ; NONE                                                                                                                                                                                                                                                                                                                                                                                                                                                                                         ; String         ;
; SLD_ADVANCED_TRIGGER_3                          ; NONE                                                                                                                                                                                                                                                                                                                                                                                                                                                                                         ; String         ;
; SLD_ADVANCED_TRIGGER_4                          ; NONE                                                                                                                                                                                                                                                                                                                                                                                                                                                                                         ; String         ;
; SLD_ADVANCED_TRIGGER_5                          ; NONE                                                                                                                                                                                                                                                                                                                                                                                                                                                                                         ; String         ;
; SLD_ADVANCED_TRIGGER_6                          ; NONE                                                                                                                                                                                                                                                                                                                                                                                                                                                                                         ; String         ;
; SLD_ADVANCED_TRIGGER_7                          ; NONE                                                                                                                                                                                                                                                                                                                                                                                                                                                                                         ; String         ;
; SLD_ADVANCED_TRIGGER_8                          ; NONE                                                                                                                                                                                                                                                                                                                                                                                                                                                                                         ; String         ;
; SLD_ADVANCED_TRIGGER_9                          ; NONE                                                                                                                                                                                                                                                                                                                                                                                                                                                                                         ; String         ;
; SLD_ADVANCED_TRIGGER_10                         ; NONE                                                                                                                                                                                                                                                                                                                                                                                                                                                                                         ; String         ;
; sld_inversion_mask_length                       ; 476                                                                                                                                                                                                                                                                                                                                                                                                                                                                                          ; Untyped        ;
; sld_inversion_mask                              ; 00000000000000000000000000000000000000000000000000000000000000000000000000000000000000000000000000000000000000000000000000000000000000000000000000000000000000000000000000000000000000000000000000000000000000000000000000000000000000000000000000000000000000000000000000000000000000000000000000000000000000000000000000000000000000000000000000000000000000000000000000000000000000000000000000000000000000000000000000000000000000000000000000000000000000000000000000000000000000000000 ; Untyped        ;
; sld_power_up_trigger                            ; 0                                                                                                                                                                                                                                                                                                                                                                                                                                                                                            ; Untyped        ;
; SLD_STATE_FLOW_MGR_ENTITY                       ; state_flow_mgr_entity.vhd                                                                                                                                                                                                                                                                                                                                                                                                                                                                    ; String         ;
; sld_state_flow_use_generated                    ; 0                                                                                                                                                                                                                                                                                                                                                                                                                                                                                            ; Untyped        ;
; sld_current_resource_width                      ; 1                                                                                                                                                                                                                                                                                                                                                                                                                                                                                            ; Untyped        ;
; sld_attribute_mem_mode                          ; OFF                                                                                                                                                                                                                                                                                                                                                                                                                                                                                          ; Untyped        ;
; SLD_STORAGE_QUALIFIER_BITS                      ; 1                                                                                                                                                                                                                                                                                                                                                                                                                                                                                            ; Signed Integer ;
; SLD_STORAGE_QUALIFIER_GAP_RECORD                ; 0                                                                                                                                                                                                                                                                                                                                                                                                                                                                                            ; Signed Integer ;
; SLD_STORAGE_QUALIFIER_MODE                      ; OFF                                                                                                                                                                                                                                                                                                                                                                                                                                                                                          ; String         ;
; SLD_STORAGE_QUALIFIER_ENABLE_ADVANCED_CONDITION ; 0                                                                                                                                                                                                                                                                                                                                                                                                                                                                                            ; Signed Integer ;
; sld_storage_qualifier_inversion_mask_length     ; 0                                                                                                                                                                                                                                                                                                                                                                                                                                                                                            ; Untyped        ;
; SLD_STORAGE_QUALIFIER_ADVANCED_CONDITION_ENTITY ; basic                                                                                                                                                                                                                                                                                                                                                                                                                                                                                        ; String         ;
; SLD_STORAGE_QUALIFIER_PIPELINE                  ; 0                                                                                                                                                                                                                                                                                                                                                                                                                                                                                            ; Signed Integer ;
+-------------------------------------------------+----------------------------------------------------------------------------------------------------------------------------------------------------------------------------------------------------------------------------------------------------------------------------------------------------------------------------------------------------------------------------------------------------------------------------------------------------------------------------------------------+----------------+
Note: In order to hide this table in the UI and the text report file, please set the "Show Parameter Settings in Synthesis Report" option in "Analysis and Synthesis Settings -> More Settings" to "Off".


+----------------------------------------------------------------------------------------------------------------------+
; Analysis & Elaboration Settings                                                                                      ;
+----------------------------------------------------------------------------+--------------------+--------------------+
; Option                                                                     ; Setting            ; Default Value      ;
+----------------------------------------------------------------------------+--------------------+--------------------+
; Device                                                                     ; EP2C20F484C7       ;                    ;
; Top-level entity name                                                      ; sisa               ; ProcesadorBase     ;
; Family name                                                                ; Cyclone II         ; Cyclone IV GX      ;
; Use smart compilation                                                      ; Off                ; Off                ;
; Enable parallel Assembler and TimeQuest Timing Analyzer during compilation ; On                 ; On                 ;
; Enable compact report table                                                ; Off                ; Off                ;
; Restructure Multiplexers                                                   ; Auto               ; Auto               ;
; Create Debugging Nodes for IP Cores                                        ; Off                ; Off                ;
; Preserve fewer node names                                                  ; On                 ; On                 ;
; Disable OpenCore Plus hardware evaluation                                  ; Off                ; Off                ;
; Verilog Version                                                            ; Verilog_2001       ; Verilog_2001       ;
; VHDL Version                                                               ; VHDL_1993          ; VHDL_1993          ;
; State Machine Processing                                                   ; Auto               ; Auto               ;
; Safe State Machine                                                         ; Off                ; Off                ;
; Extract Verilog State Machines                                             ; On                 ; On                 ;
; Extract VHDL State Machines                                                ; On                 ; On                 ;
; Ignore Verilog initial constructs                                          ; Off                ; Off                ;
; Iteration limit for constant Verilog loops                                 ; 5000               ; 5000               ;
; Iteration limit for non-constant Verilog loops                             ; 250                ; 250                ;
; Add Pass-Through Logic to Inferred RAMs                                    ; On                 ; On                 ;
; Infer RAMs from Raw Logic                                                  ; On                 ; On                 ;
; Parallel Synthesis                                                         ; On                 ; On                 ;
; DSP Block Balancing                                                        ; Auto               ; Auto               ;
; NOT Gate Push-Back                                                         ; On                 ; On                 ;
; Power-Up Don't Care                                                        ; On                 ; On                 ;
; Remove Redundant Logic Cells                                               ; Off                ; Off                ;
; Remove Duplicate Registers                                                 ; On                 ; On                 ;
; Ignore CARRY Buffers                                                       ; Off                ; Off                ;
; Ignore CASCADE Buffers                                                     ; Off                ; Off                ;
; Ignore GLOBAL Buffers                                                      ; Off                ; Off                ;
; Ignore ROW GLOBAL Buffers                                                  ; Off                ; Off                ;
; Ignore LCELL Buffers                                                       ; Off                ; Off                ;
; Ignore SOFT Buffers                                                        ; On                 ; On                 ;
; Limit AHDL Integers to 32 Bits                                             ; Off                ; Off                ;
; Optimization Technique                                                     ; Balanced           ; Balanced           ;
; Carry Chain Length                                                         ; 70                 ; 70                 ;
; Auto Carry Chains                                                          ; On                 ; On                 ;
; Auto Open-Drain Pins                                                       ; On                 ; On                 ;
; Perform WYSIWYG Primitive Resynthesis                                      ; Off                ; Off                ;
; Auto ROM Replacement                                                       ; On                 ; On                 ;
; Auto RAM Replacement                                                       ; On                 ; On                 ;
; Auto Shift Register Replacement                                            ; Auto               ; Auto               ;
; Allow Shift Register Merging across Hierarchies                            ; Auto               ; Auto               ;
; Auto Clock Enable Replacement                                              ; On                 ; On                 ;
; Strict RAM Replacement                                                     ; Off                ; Off                ;
; Allow Synchronous Control Signals                                          ; On                 ; On                 ;
; Force Use of Synchronous Clear Signals                                     ; Off                ; Off                ;
; Auto RAM to Logic Cell Conversion                                          ; Off                ; Off                ;
; Auto Resource Sharing                                                      ; Off                ; Off                ;
; Allow Any RAM Size For Recognition                                         ; Off                ; Off                ;
; Allow Any ROM Size For Recognition                                         ; Off                ; Off                ;
; Allow Any Shift Register Size For Recognition                              ; Off                ; Off                ;
; Use LogicLock Constraints during Resource Balancing                        ; On                 ; On                 ;
; Ignore translate_off and synthesis_off directives                          ; Off                ; Off                ;
; Timing-Driven Synthesis                                                    ; Off                ; Off                ;
; Report Parameter Settings                                                  ; On                 ; On                 ;
; Report Source Assignments                                                  ; On                 ; On                 ;
; Report Connectivity Checks                                                 ; On                 ; On                 ;
; Ignore Maximum Fan-Out Assignments                                         ; Off                ; Off                ;
; Synchronization Register Chain Length                                      ; 2                  ; 2                  ;
; PowerPlay Power Optimization                                               ; Normal compilation ; Normal compilation ;
; HDL message level                                                          ; Level2             ; Level2             ;
; Suppress Register Optimization Related Messages                            ; Off                ; Off                ;
; Number of Removed Registers Reported in Synthesis Report                   ; 5000               ; 5000               ;
; Number of Swept Nodes Reported in Synthesis Report                         ; 5000               ; 5000               ;
; Number of Inverted Registers Reported in Synthesis Report                  ; 100                ; 100                ;
; Clock MUX Protection                                                       ; On                 ; On                 ;
; Auto Gated Clock Conversion                                                ; Off                ; Off                ;
; Block Design Naming                                                        ; Auto               ; Auto               ;
; SDC constraint protection                                                  ; Off                ; Off                ;
; Synthesis Effort                                                           ; Auto               ; Auto               ;
; Shift Register Replacement - Allow Asynchronous Clear Signal               ; On                 ; On                 ;
; Pre-Mapping Resynthesis Optimization                                       ; Off                ; Off                ;
; Analysis & Synthesis Message Level                                         ; Medium             ; Medium             ;
; Disable Register Merging Across Hierarchies                                ; Auto               ; Auto               ;
; Resource Aware Inference For Block RAM                                     ; On                 ; On                 ;
; Synthesis Seed                                                             ; 1                  ; 1                  ;
+----------------------------------------------------------------------------+--------------------+--------------------+


+---------------------------------------------------------------------------------------------------------------------------+
; Port Connectivity Checks: "vga_controller:video_controller|vga_sync:u_vga_sync"                                           ;
+-----------------+--------+----------+-------------------------------------------------------------------------------------+
; Port            ; Type   ; Severity ; Details                                                                             ;
+-----------------+--------+----------+-------------------------------------------------------------------------------------+
; pixel_row[9..4] ; Output ; Info     ; Connected to dangling logic. Logic that only feeds a dangling port will be removed. ;
+-----------------+--------+----------+-------------------------------------------------------------------------------------+


+---------------------------------------------------------------------------------------------------------------------------+
; Port Connectivity Checks: "vga_controller:video_controller"                                                               ;
+-----------------+--------+----------+-------------------------------------------------------------------------------------+
; Port            ; Type   ; Severity ; Details                                                                             ;
+-----------------+--------+----------+-------------------------------------------------------------------------------------+
; blank_out       ; Output ; Info     ; Connected to dangling logic. Logic that only feeds a dangling port will be removed. ;
; csync_out       ; Output ; Info     ; Connected to dangling logic. Logic that only feeds a dangling port will be removed. ;
; red_out[7..4]   ; Output ; Info     ; Connected to dangling logic. Logic that only feeds a dangling port will be removed. ;
; green_out[7..4] ; Output ; Info     ; Connected to dangling logic. Logic that only feeds a dangling port will be removed. ;
; blue_out[7..4]  ; Output ; Info     ; Connected to dangling logic. Logic that only feeds a dangling port will be removed. ;
+-----------------+--------+----------+-------------------------------------------------------------------------------------+


+------------------------------------------------------------------------------------------------------------------------------------+
; Port Connectivity Checks: "controladores_IO:controladosIO|keyboard_controller:controladorKeyboard|ps2_keyboard_interface:k0"       ;
+--------------------------+--------+----------+-------------------------------------------------------------------------------------+
; Port                     ; Type   ; Severity ; Details                                                                             ;
+--------------------------+--------+----------+-------------------------------------------------------------------------------------+
; rx_extended              ; Output ; Info     ; Connected to dangling logic. Logic that only feeds a dangling port will be removed. ;
; rx_scan_code             ; Output ; Info     ; Connected to dangling logic. Logic that only feeds a dangling port will be removed. ;
; tx_data                  ; Input  ; Info     ; Stuck at GND                                                                        ;
; tx_write                 ; Input  ; Info     ; Stuck at GND                                                                        ;
; tx_write_ack_o           ; Output ; Info     ; Connected to dangling logic. Logic that only feeds a dangling port will be removed. ;
; tx_error_no_keyboard_ack ; Output ; Info     ; Connected to dangling logic. Logic that only feeds a dangling port will be removed. ;
+--------------------------+--------+----------+-------------------------------------------------------------------------------------+


+---------------------------------+
; Analysis & Elaboration Messages ;
+---------------------------------+
Info: *******************************************************************
Info: Running Quartus II 64-Bit Analysis & Elaboration
    Info: Version 13.0.1 Build 232 06/12/2013 Service Pack 1 SJ Web Edition
    Info: Processing started: Wed May 31 18:28:05 2023
Info: Command: quartus_map --read_settings_files=on --write_settings_files=off proc -c ProcesadorBase --analysis_and_elaboration
Warning (20028): Parallel compilation is not licensed and has been disabled
Info (12021): Found 2 design units, including 1 entities, in source file ficheros/unidad_control.vhd
    Info (12022): Found design unit 1: unidad_control-Structure
    Info (12023): Found entity 1: unidad_control
Info (12021): Found 2 design units, including 1 entities, in source file ficheros/regfile.vhd
    Info (12022): Found design unit 1: regfile-Structure
    Info (12023): Found entity 1: regfile
Info (12021): Found 2 design units, including 1 entities, in source file ficheros/proc.vhd
    Info (12022): Found design unit 1: ProcesadorBase-Structure
    Info (12023): Found entity 1: ProcesadorBase
Info (12021): Found 2 design units, including 1 entities, in source file ficheros/multi.vhd
    Info (12022): Found design unit 1: multi-Structure
    Info (12023): Found entity 1: multi
Info (12021): Found 2 design units, including 1 entities, in source file ficheros/datapath.vhd
    Info (12022): Found design unit 1: datapath-Structure
    Info (12023): Found entity 1: datapath
Info (12021): Found 2 design units, including 1 entities, in source file ficheros/control_l.vhd
    Info (12022): Found design unit 1: control_l-Structure
    Info (12023): Found entity 1: control_l
Info (12021): Found 2 design units, including 1 entities, in source file ficheros/alu.vhd
    Info (12022): Found design unit 1: alu-Structure
    Info (12023): Found entity 1: alu
Info (12021): Found 2 design units, including 1 entities, in source file ficheros/memorycontroller.vhd
    Info (12022): Found design unit 1: MemoryController-comportament
    Info (12023): Found entity 1: MemoryController
Info (12021): Found 2 design units, including 1 entities, in source file ficheros/sisa.vhd
    Info (12022): Found design unit 1: sisa-Structure
    Info (12023): Found entity 1: sisa
Info (12021): Found 2 design units, including 1 entities, in source file ficheros/sramcontroller.vhd
    Info (12022): Found design unit 1: SRAMController-comportament
    Info (12023): Found entity 1: SRAMController
Info (12021): Found 2 design units, including 1 entities, in source file driversegmentos.vhd
    Info (12022): Found design unit 1: driverSegmentos-Structure
    Info (12023): Found entity 1: driverSegmentos
Info (12021): Found 2 design units, including 1 entities, in source file driver7segmentos.vhd
    Info (12022): Found design unit 1: driver7Segmentos-Structure
    Info (12023): Found entity 1: driver7Segmentos
Info (12021): Found 2 design units, including 0 entities, in source file ficheros/func_ayuda_control_pkg.vhd
    Info (12022): Found design unit 1: func_ayuda_control_pkg
    Info (12022): Found design unit 2: func_ayuda_control_pkg-body
Info (12021): Found 1 design units, including 0 entities, in source file ficheros/const_alu.vhd
    Info (12022): Found design unit 1: const_alu
Info (12021): Found 2 design units, including 1 entities, in source file controladores_io.vhd
    Info (12022): Found design unit 1: controladores_IO-Structure
    Info (12023): Found entity 1: controladores_IO
Info (12021): Found 2 design units, including 1 entities, in source file keyboard_controller.vhd
    Info (12022): Found design unit 1: keyboard_controller-Behavioral
    Info (12023): Found entity 1: keyboard_controller
Info (12021): Found 2 design units, including 1 entities, in source file ps2_keyboard.vhd
    Info (12022): Found design unit 1: ps2_keyboard_interface-trans
    Info (12023): Found entity 1: ps2_keyboard_interface
Info (12021): Found 2 design units, including 1 entities, in source file controlador_vga1/vga_controller.vhd
    Info (12022): Found design unit 1: vga_controller-vga_controller_rtl
    Info (12023): Found entity 1: vga_controller
Info (12021): Found 2 design units, including 1 entities, in source file controlador_vga1/vga_font_rom.vhd
    Info (12022): Found design unit 1: vga_font_rom-vga_font_rom_arch
    Info (12023): Found entity 1: vga_font_rom
Info (12021): Found 2 design units, including 1 entities, in source file controlador_vga1/vga_ram_dual.vhd
    Info (12022): Found design unit 1: vga_ram_dual-vga_ram_dual_arch
    Info (12023): Found entity 1: vga_ram_dual
Info (12021): Found 2 design units, including 1 entities, in source file controlador_vga1/vga_sync.vhd
    Info (12022): Found design unit 1: vga_sync-vga_sync_arch
    Info (12023): Found entity 1: vga_sync
Info (12021): Found 2 design units, including 1 entities, in source file ficheros/int_controller.vhd
    Info (12022): Found design unit 1: int_controller-Structure
    Info (12023): Found entity 1: int_controller
Info (12021): Found 2 design units, including 1 entities, in source file ficheros/controlador_interrupciones.vhd
    Info (12022): Found design unit 1: controlador_interrupciones-Structure
    Info (12023): Found entity 1: controlador_interrupciones
Info (12021): Found 2 design units, including 1 entities, in source file ficheros/timmer.vhd
    Info (12022): Found design unit 1: Timmer-Structure
    Info (12023): Found entity 1: timmer
Info (12021): Found 2 design units, including 1 entities, in source file ficheros/exception_controller.vhd
    Info (12022): Found design unit 1: exception_controller-Structure
    Info (12023): Found entity 1: exception_controller
Info (12127): Elaborating entity "sisa" for the top level hierarchy
Info (12128): Elaborating entity "ProcesadorBase" for hierarchy "ProcesadorBase:proc0"
Info (12128): Elaborating entity "unidad_control" for hierarchy "ProcesadorBase:proc0|unidad_control:cu0"
Info (12128): Elaborating entity "control_l" for hierarchy "ProcesadorBase:proc0|unidad_control:cu0|control_l:clogic0"
Info (12128): Elaborating entity "multi" for hierarchy "ProcesadorBase:proc0|unidad_control:cu0|multi:ge"
Info (12128): Elaborating entity "datapath" for hierarchy "ProcesadorBase:proc0|datapath:d0"
Info (12128): Elaborating entity "alu" for hierarchy "ProcesadorBase:proc0|datapath:d0|alu:alu0"
Info (12128): Elaborating entity "regfile" for hierarchy "ProcesadorBase:proc0|datapath:d0|regfile:reg0"
Info (12128): Elaborating entity "exception_controller" for hierarchy "ProcesadorBase:proc0|exception_controller:e0"
Info (12128): Elaborating entity "MemoryController" for hierarchy "MemoryController:memory0"
Info (12128): Elaborating entity "SRAMController" for hierarchy "MemoryController:memory0|SRAMController:sram_controller"
Info (12128): Elaborating entity "controladores_IO" for hierarchy "controladores_IO:controladosIO"
Warning (10492): VHDL Process Statement warning at controladores_IO.vhd(107): signal "addr_io" is read inside the Process Statement but isn't in the Process Statement's sensitivity list
Info (12128): Elaborating entity "controlador_interrupciones" for hierarchy "controladores_IO:controladosIO|controlador_interrupciones:prio_int_controller"
Warning (10492): VHDL Process Statement warning at controlador_interrupciones.vhd(54): signal "mem_id" is read inside the Process Statement but isn't in the Process Statement's sensitivity list
Warning (10492): VHDL Process Statement warning at controlador_interrupciones.vhd(56): signal "mem_id" is read inside the Process Statement but isn't in the Process Statement's sensitivity list
Warning (10492): VHDL Process Statement warning at controlador_interrupciones.vhd(58): signal "mem_id" is read inside the Process Statement but isn't in the Process Statement's sensitivity list
Warning (10492): VHDL Process Statement warning at controlador_interrupciones.vhd(60): signal "mem_id" is read inside the Process Statement but isn't in the Process Statement's sensitivity list
Info (12128): Elaborating entity "int_controller" for hierarchy "controladores_IO:controladosIO|int_controller:int_pulsadores"
Warning (10492): VHDL Process Statement warning at int_controller.vhd(39): signal "estat" is read inside the Process Statement but isn't in the Process Statement's sensitivity list
Warning (10631): VHDL Process Statement warning at int_controller.vhd(27): inferring latch(es) for signal or variable "intr", which holds its previous value in one or more paths through the process
Warning (10631): VHDL Process Statement warning at int_controller.vhd(27): inferring latch(es) for signal or variable "estat", which holds its previous value in one or more paths through the process
Warning (10631): VHDL Process Statement warning at int_controller.vhd(27): inferring latch(es) for signal or variable "mem_values", which holds its previous value in one or more paths through the process
Info (10041): Inferred latch for "mem_values[0]" at int_controller.vhd(27)
Info (10041): Inferred latch for "mem_values[1]" at int_controller.vhd(27)
Info (10041): Inferred latch for "mem_values[2]" at int_controller.vhd(27)
Info (10041): Inferred latch for "mem_values[3]" at int_controller.vhd(27)
Info (10041): Inferred latch for "estat" at int_controller.vhd(27)
Info (10041): Inferred latch for "intr" at int_controller.vhd(27)
Info (12128): Elaborating entity "int_controller" for hierarchy "controladores_IO:controladosIO|int_controller:int_interruptores"
Warning (10492): VHDL Process Statement warning at int_controller.vhd(39): signal "estat" is read inside the Process Statement but isn't in the Process Statement's sensitivity list
Warning (10631): VHDL Process Statement warning at int_controller.vhd(27): inferring latch(es) for signal or variable "intr", which holds its previous value in one or more paths through the process
Warning (10631): VHDL Process Statement warning at int_controller.vhd(27): inferring latch(es) for signal or variable "estat", which holds its previous value in one or more paths through the process
Warning (10631): VHDL Process Statement warning at int_controller.vhd(27): inferring latch(es) for signal or variable "mem_values", which holds its previous value in one or more paths through the process
Info (10041): Inferred latch for "mem_values[0]" at int_controller.vhd(27)
Info (10041): Inferred latch for "mem_values[1]" at int_controller.vhd(27)
Info (10041): Inferred latch for "mem_values[2]" at int_controller.vhd(27)
Info (10041): Inferred latch for "mem_values[3]" at int_controller.vhd(27)
Info (10041): Inferred latch for "mem_values[4]" at int_controller.vhd(27)
Info (10041): Inferred latch for "mem_values[5]" at int_controller.vhd(27)
Info (10041): Inferred latch for "mem_values[6]" at int_controller.vhd(27)
Info (10041): Inferred latch for "mem_values[7]" at int_controller.vhd(27)
Info (10041): Inferred latch for "estat" at int_controller.vhd(27)
Info (10041): Inferred latch for "intr" at int_controller.vhd(27)
Info (12128): Elaborating entity "timmer" for hierarchy "controladores_IO:controladosIO|timmer:int_timmer"
Warning (10631): VHDL Process Statement warning at timmer.vhd(24): inferring latch(es) for signal or variable "intr", which holds its previous value in one or more paths through the process
Info (10041): Inferred latch for "intr" at timmer.vhd(24)
Info (12128): Elaborating entity "keyboard_controller" for hierarchy "controladores_IO:controladosIO|keyboard_controller:controladorKeyboard"
Warning (10036): Verilog HDL or VHDL warning at keyboard_controller.vhd(41): object "rx_extended" assigned a value but never read
Warning (10036): Verilog HDL or VHDL warning at keyboard_controller.vhd(46): object "tx_write_ack_o" assigned a value but never read
Warning (10036): Verilog HDL or VHDL warning at keyboard_controller.vhd(47): object "tx_error_no_keyboard_ack" assigned a value but never read
Warning (10036): Verilog HDL or VHDL warning at keyboard_controller.vhd(49): object "rx_scan_code" assigned a value but never read
Warning (10492): VHDL Process Statement warning at keyboard_controller.vhd(102): signal "rx_data_ready" is read inside the Process Statement but isn't in the Process Statement's sensitivity list
Warning (10492): VHDL Process Statement warning at keyboard_controller.vhd(102): signal "rx_released" is read inside the Process Statement but isn't in the Process Statement's sensitivity list
Warning (10492): VHDL Process Statement warning at keyboard_controller.vhd(103): signal "rx_shift_key_on" is read inside the Process Statement but isn't in the Process Statement's sensitivity list
Warning (10492): VHDL Process Statement warning at keyboard_controller.vhd(103): signal "rx_ascii" is read inside the Process Statement but isn't in the Process Statement's sensitivity list
Warning (10631): VHDL Process Statement warning at keyboard_controller.vhd(98): inferring latch(es) for signal or variable "data_available", which holds its previous value in one or more paths through the process
Info (10041): Inferred latch for "data_available" at keyboard_controller.vhd(98)
Info (12128): Elaborating entity "ps2_keyboard_interface" for hierarchy "controladores_IO:controladosIO|keyboard_controller:controladorKeyboard|ps2_keyboard_interface:k0"
Info (12128): Elaborating entity "vga_controller" for hierarchy "vga_controller:video_controller"
Warning (10541): VHDL Signal Declaration warning at vga_controller.vhd(89): used implicit default value for signal "ram_q2" because signal was never assigned a value or an explicit default value. Use of implicit default value may introduce unintended design optimizations.
Warning (10036): Verilog HDL or VHDL warning at vga_controller.vhd(90): object "ram_addr2" assigned a value but never read
Info (12128): Elaborating entity "vga_sync" for hierarchy "vga_controller:video_controller|vga_sync:u_vga_sync"
Info (12128): Elaborating entity "vga_font_rom" for hierarchy "vga_controller:video_controller|vga_font_rom:u_font_rom"
Info (12128): Elaborating entity "driverSegmentos" for hierarchy "driverSegmentos:Segments"
Info (12128): Elaborating entity "driver7Segmentos" for hierarchy "driverSegmentos:Segments|driver7Segmentos:h0"
Info (12021): Found 1 design units, including 1 entities, in source file db/altsyncram_0t14.tdf
    Info (12023): Found entity 1: altsyncram_0t14
Info (12021): Found 1 design units, including 1 entities, in source file db/altsyncram_8hq1.tdf
    Info (12023): Found entity 1: altsyncram_8hq1
Info (12021): Found 1 design units, including 1 entities, in source file db/mux_eoc.tdf
    Info (12023): Found entity 1: mux_eoc
Info (12021): Found 1 design units, including 1 entities, in source file db/decode_rqf.tdf
    Info (12023): Found entity 1: decode_rqf
Info (12021): Found 1 design units, including 1 entities, in source file db/cntr_ndi.tdf
    Info (12023): Found entity 1: cntr_ndi
Info (12021): Found 1 design units, including 1 entities, in source file db/cmpr_ccc.tdf
    Info (12023): Found entity 1: cmpr_ccc
Info (12021): Found 1 design units, including 1 entities, in source file db/cntr_v1j.tdf
    Info (12023): Found entity 1: cntr_v1j
Info (12021): Found 1 design units, including 1 entities, in source file db/cntr_1ci.tdf
    Info (12023): Found entity 1: cntr_1ci
Info (12021): Found 1 design units, including 1 entities, in source file db/cmpr_9cc.tdf
    Info (12023): Found entity 1: cmpr_9cc
Info (12021): Found 1 design units, including 1 entities, in source file db/cntr_gui.tdf
    Info (12023): Found entity 1: cntr_gui
Info (12021): Found 1 design units, including 1 entities, in source file db/cmpr_5cc.tdf
    Info (12023): Found entity 1: cmpr_5cc
Info (12033): Analysis and Synthesis generated SignalTap II or debug node instance "auto_signaltap_0"
Error (265013): Can't open SignalTap II Logic Analyzer. Verify that the license file exists and is stored in the correct location. If you are using the Quartus II Web Edition software, you must turn on the TalkBack feature to use the SignalTap II Logic Analyzer.
Error (12154): Can't elaborate inferred hierarchy "sld_hub:auto_hub"
Error: Quartus II 64-Bit Analysis & Elaboration was unsuccessful. 2 errors, 26 warnings
    Error: Peak virtual memory: 13044 megabytes
    Error: Processing ended: Wed May 31 18:28:17 2023
    Error: Elapsed time: 00:00:12
    Error: Total CPU time (on all processors): 00:00:06


